{"C:\\Users\\ASUS\\Music\\sinergy\\materi\\Chapter8\\[6]Wahyu Rendra Kurniwan\\index.js": {"path":"C:\\Users\\ASUS\\Music\\sinergy\\materi\\Chapter8\\[6]Wahyu Rendra Kurniwan\\index.js","all":false,"statementMap":{"0":{"start":{"line":1,"column":0},"end":{"line":1,"column":35}},"1":{"start":{"line":2,"column":0},"end":{"line":2,"column":22}},"2":{"start":{"line":3,"column":0},"end":{"line":3,"column":42}},"3":{"start":{"line":4,"column":0},"end":{"line":4,"column":18}},"4":{"start":{"line":5,"column":0},"end":{"line":5,"column":29}},"5":{"start":{"line":6,"column":0},"end":{"line":6,"column":48}},"6":{"start":{"line":7,"column":0},"end":{"line":7,"column":0}},"7":{"start":{"line":8,"column":0},"end":{"line":8,"column":46}},"8":{"start":{"line":9,"column":0},"end":{"line":9,"column":10}},"9":{"start":{"line":10,"column":0},"end":{"line":10,"column":57}},"10":{"start":{"line":11,"column":0},"end":{"line":11,"column":49}},"11":{"start":{"line":12,"column":0},"end":{"line":12,"column":0}},"12":{"start":{"line":13,"column":0},"end":{"line":13,"column":57}},"13":{"start":{"line":14,"column":0},"end":{"line":14,"column":63}},"14":{"start":{"line":15,"column":0},"end":{"line":15,"column":61}},"15":{"start":{"line":16,"column":0},"end":{"line":16,"column":24}},"16":{"start":{"line":17,"column":0},"end":{"line":17,"column":52}},"17":{"start":{"line":18,"column":0},"end":{"line":18,"column":16}},"18":{"start":{"line":19,"column":0},"end":{"line":19,"column":0}},"19":{"start":{"line":20,"column":0},"end":{"line":20,"column":19}},"20":{"start":{"line":21,"column":0},"end":{"line":21,"column":49}},"21":{"start":{"line":22,"column":0},"end":{"line":22,"column":37}},"22":{"start":{"line":23,"column":0},"end":{"line":23,"column":0}},"23":{"start":{"line":24,"column":0},"end":{"line":24,"column":11}},"24":{"start":{"line":25,"column":0},"end":{"line":25,"column":58}},"25":{"start":{"line":26,"column":0},"end":{"line":26,"column":46}},"26":{"start":{"line":27,"column":0},"end":{"line":27,"column":73}},"27":{"start":{"line":28,"column":0},"end":{"line":28,"column":0}},"28":{"start":{"line":29,"column":0},"end":{"line":29,"column":17}},"29":{"start":{"line":30,"column":0},"end":{"line":30,"column":9}},"30":{"start":{"line":31,"column":0},"end":{"line":31,"column":24}},"31":{"start":{"line":32,"column":0},"end":{"line":32,"column":26}},"32":{"start":{"line":33,"column":0},"end":{"line":33,"column":26}},"33":{"start":{"line":34,"column":0},"end":{"line":34,"column":30}},"34":{"start":{"line":35,"column":0},"end":{"line":35,"column":2}},"35":{"start":{"line":36,"column":0},"end":{"line":36,"column":0}},"36":{"start":{"line":37,"column":0},"end":{"line":37,"column":2}},"37":{"start":{"line":38,"column":0},"end":{"line":38,"column":59}},"38":{"start":{"line":39,"column":0},"end":{"line":39,"column":16}},"39":{"start":{"line":40,"column":0},"end":{"line":40,"column":0}},"40":{"start":{"line":41,"column":0},"end":{"line":41,"column":9}},"41":{"start":{"line":42,"column":0},"end":{"line":42,"column":10}},"42":{"start":{"line":43,"column":0},"end":{"line":43,"column":26}},"43":{"start":{"line":44,"column":0},"end":{"line":44,"column":21}},"44":{"start":{"line":45,"column":0},"end":{"line":45,"column":27}},"45":{"start":{"line":46,"column":0},"end":{"line":46,"column":22}},"46":{"start":{"line":47,"column":0},"end":{"line":47,"column":2}},"47":{"start":{"line":48,"column":0},"end":{"line":48,"column":0}},"48":{"start":{"line":49,"column":0},"end":{"line":49,"column":43}},"49":{"start":{"line":50,"column":0},"end":{"line":50,"column":49}},"50":{"start":{"line":51,"column":0},"end":{"line":51,"column":0}},"51":{"start":{"line":52,"column":0},"end":{"line":52,"column":8}},"52":{"start":{"line":53,"column":0},"end":{"line":53,"column":14}},"53":{"start":{"line":54,"column":0},"end":{"line":54,"column":26}},"54":{"start":{"line":55,"column":0},"end":{"line":55,"column":21}},"55":{"start":{"line":56,"column":0},"end":{"line":56,"column":27}},"56":{"start":{"line":57,"column":0},"end":{"line":57,"column":26}},"57":{"start":{"line":58,"column":0},"end":{"line":58,"column":2}},"58":{"start":{"line":59,"column":0},"end":{"line":59,"column":0}},"59":{"start":{"line":60,"column":0},"end":{"line":60,"column":11}},"60":{"start":{"line":61,"column":0},"end":{"line":61,"column":14}},"61":{"start":{"line":62,"column":0},"end":{"line":62,"column":26}},"62":{"start":{"line":63,"column":0},"end":{"line":63,"column":21}},"63":{"start":{"line":64,"column":0},"end":{"line":64,"column":30}},"64":{"start":{"line":65,"column":0},"end":{"line":65,"column":2}},"65":{"start":{"line":66,"column":0},"end":{"line":66,"column":0}},"66":{"start":{"line":67,"column":0},"end":{"line":67,"column":20}},"67":{"start":{"line":68,"column":0},"end":{"line":68,"column":68}},"68":{"start":{"line":69,"column":0},"end":{"line":69,"column":0}},"69":{"start":{"line":70,"column":0},"end":{"line":70,"column":15}},"70":{"start":{"line":71,"column":0},"end":{"line":71,"column":21}},"71":{"start":{"line":72,"column":0},"end":{"line":72,"column":39}},"72":{"start":{"line":73,"column":0},"end":{"line":73,"column":60}},"73":{"start":{"line":74,"column":0},"end":{"line":74,"column":3}},"74":{"start":{"line":75,"column":0},"end":{"line":75,"column":0}},"75":{"start":{"line":76,"column":0},"end":{"line":76,"column":33}}},"s":{"0":1,"1":1,"2":1,"3":1,"4":1,"5":1,"6":1,"7":1,"8":1,"9":1,"10":1,"11":1,"12":1,"13":1,"14":1,"15":1,"16":1,"17":1,"18":1,"19":1,"20":1,"21":1,"22":1,"23":1,"24":1,"25":1,"26":1,"27":1,"28":1,"29":1,"30":1,"31":1,"32":1,"33":1,"34":1,"35":1,"36":1,"37":1,"38":1,"39":1,"40":1,"41":1,"42":1,"43":1,"44":1,"45":1,"46":1,"47":1,"48":1,"49":1,"50":1,"51":1,"52":1,"53":1,"54":1,"55":1,"56":1,"57":1,"58":1,"59":1,"60":1,"61":1,"62":1,"63":1,"64":1,"65":1,"66":1,"67":1,"68":1,"69":1,"70":1,"71":1,"72":0,"73":1,"74":1,"75":1},"branchMap":{},"b":{},"fnMap":{},"f":{}}
,"C:\\Users\\ASUS\\Music\\sinergy\\materi\\Chapter8\\[6]Wahyu Rendra Kurniwan\\config\\cloudinary.js": {"path":"C:\\Users\\ASUS\\Music\\sinergy\\materi\\Chapter8\\[6]Wahyu Rendra Kurniwan\\config\\cloudinary.js","all":false,"statementMap":{"0":{"start":{"line":1,"column":0},"end":{"line":1,"column":43}},"1":{"start":{"line":2,"column":0},"end":{"line":2,"column":0}},"2":{"start":{"line":3,"column":0},"end":{"line":3,"column":19}},"3":{"start":{"line":4,"column":0},"end":{"line":4,"column":28}},"4":{"start":{"line":5,"column":0},"end":{"line":5,"column":31}},"5":{"start":{"line":6,"column":0},"end":{"line":6,"column":46}},"6":{"start":{"line":7,"column":0},"end":{"line":7,"column":16}},"7":{"start":{"line":8,"column":0},"end":{"line":8,"column":3}},"8":{"start":{"line":9,"column":0},"end":{"line":9,"column":0}},"9":{"start":{"line":10,"column":0},"end":{"line":10,"column":28}}},"s":{"0":1,"1":1,"2":1,"3":1,"4":1,"5":1,"6":1,"7":1,"8":1,"9":1},"branchMap":{},"b":{},"fnMap":{},"f":{}}
,"C:\\Users\\ASUS\\Music\\sinergy\\materi\\Chapter8\\[6]Wahyu Rendra Kurniwan\\config\\config.js": {"path":"C:\\Users\\ASUS\\Music\\sinergy\\materi\\Chapter8\\[6]Wahyu Rendra Kurniwan\\config\\config.js","all":false,"statementMap":{"0":{"start":{"line":1,"column":0},"end":{"line":1,"column":27}},"1":{"start":{"line":2,"column":0},"end":{"line":2,"column":0}},"2":{"start":{"line":3,"column":0},"end":{"line":3,"column":18}},"3":{"start":{"line":4,"column":0},"end":{"line":4,"column":16}},"4":{"start":{"line":5,"column":0},"end":{"line":5,"column":38}},"5":{"start":{"line":6,"column":0},"end":{"line":6,"column":38}},"6":{"start":{"line":7,"column":0},"end":{"line":7,"column":34}},"7":{"start":{"line":8,"column":0},"end":{"line":8,"column":30}},"8":{"start":{"line":9,"column":0},"end":{"line":9,"column":36}},"9":{"start":{"line":10,"column":0},"end":{"line":10,"column":30}},"10":{"start":{"line":11,"column":0},"end":{"line":11,"column":4}},"11":{"start":{"line":12,"column":0},"end":{"line":12,"column":9}},"12":{"start":{"line":13,"column":0},"end":{"line":13,"column":25}},"13":{"start":{"line":14,"column":0},"end":{"line":14,"column":25}},"14":{"start":{"line":15,"column":0},"end":{"line":15,"column":26}},"15":{"start":{"line":16,"column":0},"end":{"line":16,"column":22}},"16":{"start":{"line":17,"column":0},"end":{"line":17,"column":24}},"17":{"start":{"line":18,"column":0},"end":{"line":18,"column":30}},"18":{"start":{"line":19,"column":0},"end":{"line":19,"column":4}},"19":{"start":{"line":20,"column":0},"end":{"line":20,"column":15}},"20":{"start":{"line":21,"column":0},"end":{"line":21,"column":38}},"21":{"start":{"line":22,"column":0},"end":{"line":22,"column":38}},"22":{"start":{"line":23,"column":0},"end":{"line":23,"column":40}},"23":{"start":{"line":24,"column":0},"end":{"line":24,"column":30}},"24":{"start":{"line":25,"column":0},"end":{"line":25,"column":36}},"25":{"start":{"line":26,"column":0},"end":{"line":26,"column":30}},"26":{"start":{"line":27,"column":0},"end":{"line":27,"column":4}},"27":{"start":{"line":28,"column":0},"end":{"line":28,"column":2}}},"s":{"0":1,"1":1,"2":1,"3":1,"4":1,"5":1,"6":1,"7":1,"8":1,"9":1,"10":1,"11":1,"12":1,"13":1,"14":1,"15":1,"16":1,"17":1,"18":1,"19":1,"20":1,"21":1,"22":1,"23":1,"24":1,"25":1,"26":1,"27":1},"branchMap":{},"b":{},"fnMap":{},"f":{}}
,"C:\\Users\\ASUS\\Music\\sinergy\\materi\\Chapter8\\[6]Wahyu Rendra Kurniwan\\controllers\\authController.js": {"path":"C:\\Users\\ASUS\\Music\\sinergy\\materi\\Chapter8\\[6]Wahyu Rendra Kurniwan\\controllers\\authController.js","all":false,"statementMap":{"0":{"start":{"line":1,"column":0},"end":{"line":1,"column":55}},"1":{"start":{"line":2,"column":0},"end":{"line":2,"column":0}},"2":{"start":{"line":3,"column":0},"end":{"line":3,"column":44}},"3":{"start":{"line":4,"column":0},"end":{"line":4,"column":45}},"4":{"start":{"line":5,"column":0},"end":{"line":5,"column":24}},"5":{"start":{"line":6,"column":0},"end":{"line":6,"column":77}},"6":{"start":{"line":7,"column":0},"end":{"line":7,"column":9}},"7":{"start":{"line":8,"column":0},"end":{"line":8,"column":10}},"8":{"start":{"line":9,"column":0},"end":{"line":9,"column":13}},"9":{"start":{"line":10,"column":0},"end":{"line":10,"column":19}},"10":{"start":{"line":11,"column":0},"end":{"line":11,"column":5}},"11":{"start":{"line":12,"column":0},"end":{"line":12,"column":0}},"12":{"start":{"line":13,"column":0},"end":{"line":13,"column":32}},"13":{"start":{"line":14,"column":0},"end":{"line":14,"column":19}},"14":{"start":{"line":15,"column":0},"end":{"line":15,"column":21}},"15":{"start":{"line":16,"column":0},"end":{"line":16,"column":15}},"16":{"start":{"line":17,"column":0},"end":{"line":17,"column":5}},"17":{"start":{"line":18,"column":0},"end":{"line":18,"column":2}},"18":{"start":{"line":19,"column":0},"end":{"line":19,"column":0}},"19":{"start":{"line":20,"column":0},"end":{"line":20,"column":35}},"20":{"start":{"line":21,"column":0},"end":{"line":21,"column":39}},"21":{"start":{"line":22,"column":0},"end":{"line":22,"column":24}},"22":{"start":{"line":23,"column":0},"end":{"line":23,"column":74}},"23":{"start":{"line":24,"column":0},"end":{"line":24,"column":10}},"24":{"start":{"line":25,"column":0},"end":{"line":25,"column":13}},"25":{"start":{"line":26,"column":0},"end":{"line":26,"column":5}},"26":{"start":{"line":27,"column":0},"end":{"line":27,"column":0}},"27":{"start":{"line":28,"column":0},"end":{"line":28,"column":32}},"28":{"start":{"line":29,"column":0},"end":{"line":29,"column":19}},"29":{"start":{"line":30,"column":0},"end":{"line":30,"column":21}},"30":{"start":{"line":31,"column":0},"end":{"line":31,"column":15}},"31":{"start":{"line":32,"column":0},"end":{"line":32,"column":5}},"32":{"start":{"line":33,"column":0},"end":{"line":33,"column":2}},"33":{"start":{"line":34,"column":0},"end":{"line":34,"column":0}},"34":{"start":{"line":35,"column":0},"end":{"line":35,"column":43}},"35":{"start":{"line":36,"column":0},"end":{"line":36,"column":45}},"36":{"start":{"line":37,"column":0},"end":{"line":37,"column":48}},"37":{"start":{"line":38,"column":0},"end":{"line":38,"column":37}},"38":{"start":{"line":39,"column":0},"end":{"line":39,"column":11}},"39":{"start":{"line":40,"column":0},"end":{"line":40,"column":12}},"40":{"start":{"line":41,"column":0},"end":{"line":41,"column":15}},"41":{"start":{"line":42,"column":0},"end":{"line":42,"column":7}},"42":{"start":{"line":43,"column":0},"end":{"line":43,"column":0}},"43":{"start":{"line":44,"column":0},"end":{"line":44,"column":32}},"44":{"start":{"line":45,"column":0},"end":{"line":45,"column":19}},"45":{"start":{"line":46,"column":0},"end":{"line":46,"column":21}},"46":{"start":{"line":47,"column":0},"end":{"line":47,"column":15}},"47":{"start":{"line":48,"column":0},"end":{"line":48,"column":5}},"48":{"start":{"line":49,"column":0},"end":{"line":49,"column":2}},"49":{"start":{"line":50,"column":0},"end":{"line":50,"column":0}},"50":{"start":{"line":51,"column":0},"end":{"line":51,"column":41}},"51":{"start":{"line":52,"column":0},"end":{"line":52,"column":31}},"52":{"start":{"line":53,"column":0},"end":{"line":53,"column":0}},"53":{"start":{"line":54,"column":0},"end":{"line":54,"column":24}},"54":{"start":{"line":55,"column":0},"end":{"line":55,"column":17}},"55":{"start":{"line":56,"column":0},"end":{"line":56,"column":41}},"56":{"start":{"line":57,"column":0},"end":{"line":57,"column":11}},"57":{"start":{"line":58,"column":0},"end":{"line":58,"column":24}},"58":{"start":{"line":59,"column":0},"end":{"line":59,"column":6}},"59":{"start":{"line":60,"column":0},"end":{"line":60,"column":5}},"60":{"start":{"line":61,"column":0},"end":{"line":61,"column":2}},"61":{"start":{"line":62,"column":0},"end":{"line":62,"column":0}},"62":{"start":{"line":63,"column":0},"end":{"line":63,"column":41}},"63":{"start":{"line":64,"column":0},"end":{"line":64,"column":41}},"64":{"start":{"line":65,"column":0},"end":{"line":65,"column":0}},"65":{"start":{"line":66,"column":0},"end":{"line":66,"column":80}},"66":{"start":{"line":67,"column":0},"end":{"line":67,"column":22}},"67":{"start":{"line":68,"column":0},"end":{"line":68,"column":5}},"68":{"start":{"line":69,"column":0},"end":{"line":69,"column":0}},"69":{"start":{"line":70,"column":0},"end":{"line":70,"column":32}},"70":{"start":{"line":71,"column":0},"end":{"line":71,"column":19}},"71":{"start":{"line":72,"column":0},"end":{"line":72,"column":21}},"72":{"start":{"line":73,"column":0},"end":{"line":73,"column":15}},"73":{"start":{"line":74,"column":0},"end":{"line":74,"column":5}},"74":{"start":{"line":75,"column":0},"end":{"line":75,"column":2}},"75":{"start":{"line":76,"column":0},"end":{"line":76,"column":0}},"76":{"start":{"line":77,"column":0},"end":{"line":77,"column":18}},"77":{"start":{"line":78,"column":0},"end":{"line":78,"column":17}},"78":{"start":{"line":79,"column":0},"end":{"line":79,"column":8}},"79":{"start":{"line":80,"column":0},"end":{"line":80,"column":16}},"80":{"start":{"line":81,"column":0},"end":{"line":81,"column":14}},"81":{"start":{"line":82,"column":0},"end":{"line":82,"column":14}},"82":{"start":{"line":83,"column":0},"end":{"line":83,"column":2}}},"s":{"0":1,"1":1,"2":1,"3":1,"4":1,"5":1,"6":1,"7":1,"8":1,"9":1,"10":1,"11":1,"12":1,"13":1,"14":1,"15":1,"16":1,"17":1,"18":1,"19":1,"20":1,"21":1,"22":1,"23":1,"24":1,"25":1,"26":1,"27":1,"28":1,"29":1,"30":1,"31":1,"32":1,"33":1,"34":1,"35":1,"36":1,"37":1,"38":1,"39":1,"40":1,"41":1,"42":1,"43":1,"44":1,"45":1,"46":1,"47":1,"48":1,"49":1,"50":1,"51":1,"52":1,"53":1,"54":1,"55":1,"56":1,"57":1,"58":1,"59":1,"60":2,"61":1,"62":1,"63":0,"64":0,"65":0,"66":0,"67":0,"68":0,"69":0,"70":0,"71":0,"72":0,"73":0,"74":1,"75":1,"76":1,"77":1,"78":1,"79":1,"80":1,"81":1,"82":1},"branchMap":{"0":{"type":"branch","line":3,"loc":{"start":{"line":3,"column":20},"end":{"line":3,"column":23}},"locations":[{"start":{"line":3,"column":20},"end":{"line":3,"column":23}}]},"1":{"type":"branch","line":3,"loc":{"start":{"line":3,"column":23},"end":{"line":17,"column":5}},"locations":[{"start":{"line":3,"column":23},"end":{"line":17,"column":5}}]},"2":{"type":"branch","line":3,"loc":{"start":{"line":3,"column":38},"end":{"line":17,"column":5}},"locations":[{"start":{"line":3,"column":38},"end":{"line":17,"column":5}}]},"3":{"type":"branch","line":3,"loc":{"start":{"line":3,"column":38},"end":{"line":11,"column":5}},"locations":[{"start":{"line":3,"column":38},"end":{"line":11,"column":5}}]},"4":{"type":"branch","line":11,"loc":{"start":{"line":11,"column":4},"end":{"line":17,"column":5}},"locations":[{"start":{"line":11,"column":4},"end":{"line":17,"column":5}}]},"5":{"type":"branch","line":20,"loc":{"start":{"line":20,"column":11},"end":{"line":20,"column":14}},"locations":[{"start":{"line":20,"column":11},"end":{"line":20,"column":14}}]},"6":{"type":"branch","line":20,"loc":{"start":{"line":20,"column":14},"end":{"line":32,"column":5}},"locations":[{"start":{"line":20,"column":14},"end":{"line":32,"column":5}}]},"7":{"type":"branch","line":20,"loc":{"start":{"line":20,"column":29},"end":{"line":32,"column":5}},"locations":[{"start":{"line":20,"column":29},"end":{"line":32,"column":5}}]},"8":{"type":"branch","line":20,"loc":{"start":{"line":20,"column":29},"end":{"line":26,"column":5}},"locations":[{"start":{"line":20,"column":29},"end":{"line":26,"column":5}}]},"9":{"type":"branch","line":26,"loc":{"start":{"line":26,"column":4},"end":{"line":32,"column":5}},"locations":[{"start":{"line":26,"column":4},"end":{"line":32,"column":5}}]},"10":{"type":"branch","line":35,"loc":{"start":{"line":35,"column":19},"end":{"line":35,"column":22}},"locations":[{"start":{"line":35,"column":19},"end":{"line":35,"column":22}}]},"11":{"type":"branch","line":35,"loc":{"start":{"line":35,"column":22},"end":{"line":48,"column":5}},"locations":[{"start":{"line":35,"column":22},"end":{"line":48,"column":5}}]},"12":{"type":"branch","line":35,"loc":{"start":{"line":35,"column":37},"end":{"line":48,"column":5}},"locations":[{"start":{"line":35,"column":37},"end":{"line":48,"column":5}}]},"13":{"type":"branch","line":35,"loc":{"start":{"line":35,"column":37},"end":{"line":42,"column":7}},"locations":[{"start":{"line":35,"column":37},"end":{"line":42,"column":7}}]},"14":{"type":"branch","line":42,"loc":{"start":{"line":42,"column":6},"end":{"line":48,"column":5}},"locations":[{"start":{"line":42,"column":6},"end":{"line":48,"column":5}}]},"15":{"type":"branch","line":51,"loc":{"start":{"line":51,"column":17},"end":{"line":61,"column":2}},"locations":[{"start":{"line":51,"column":17},"end":{"line":61,"column":2}}]},"16":{"type":"branch","line":51,"loc":{"start":{"line":51,"column":20},"end":{"line":60,"column":5}},"locations":[{"start":{"line":51,"column":20},"end":{"line":60,"column":5}}]},"17":{"type":"branch","line":51,"loc":{"start":{"line":51,"column":35},"end":{"line":60,"column":5}},"locations":[{"start":{"line":51,"column":35},"end":{"line":60,"column":5}}]},"18":{"type":"branch","line":61,"loc":{"start":{"line":61,"column":1},"end":{"line":61,"column":2}},"locations":[{"start":{"line":61,"column":1},"end":{"line":61,"column":2}}]},"19":{"type":"branch","line":63,"loc":{"start":{"line":63,"column":17},"end":{"line":63,"column":20}},"locations":[{"start":{"line":63,"column":17},"end":{"line":63,"column":20}}]}},"b":{"0":[2],"1":[1],"2":[2],"3":[1],"4":[1],"5":[2],"6":[1],"7":[2],"8":[1],"9":[1],"10":[2],"11":[1],"12":[2],"13":[1],"14":[1],"15":[2],"16":[1],"17":[1],"18":[1],"19":[2]},"fnMap":{"0":{"name":"_callee","decl":{"start":{"line":3,"column":23},"end":{"line":17,"column":5}},"loc":{"start":{"line":3,"column":23},"end":{"line":17,"column":5}},"line":3},"1":{"name":"_callee$","decl":{"start":{"line":3,"column":38},"end":{"line":17,"column":5}},"loc":{"start":{"line":3,"column":38},"end":{"line":17,"column":5}},"line":3},"2":{"name":"_callee2","decl":{"start":{"line":20,"column":14},"end":{"line":32,"column":5}},"loc":{"start":{"line":20,"column":14},"end":{"line":32,"column":5}},"line":20},"3":{"name":"_callee2$","decl":{"start":{"line":20,"column":29},"end":{"line":32,"column":5}},"loc":{"start":{"line":20,"column":29},"end":{"line":32,"column":5}},"line":20},"4":{"name":"_callee3","decl":{"start":{"line":35,"column":22},"end":{"line":48,"column":5}},"loc":{"start":{"line":35,"column":22},"end":{"line":48,"column":5}},"line":35},"5":{"name":"_callee3$","decl":{"start":{"line":35,"column":37},"end":{"line":48,"column":5}},"loc":{"start":{"line":35,"column":37},"end":{"line":48,"column":5}},"line":35},"6":{"name":"_callee4","decl":{"start":{"line":51,"column":20},"end":{"line":60,"column":5}},"loc":{"start":{"line":51,"column":20},"end":{"line":60,"column":5}},"line":51},"7":{"name":"_callee4$","decl":{"start":{"line":51,"column":35},"end":{"line":60,"column":5}},"loc":{"start":{"line":51,"column":35},"end":{"line":60,"column":5}},"line":51},"8":{"name":"currentUser","decl":{"start":{"line":61,"column":1},"end":{"line":61,"column":2}},"loc":{"start":{"line":61,"column":1},"end":{"line":61,"column":2}},"line":61},"9":{"name":"_callee5","decl":{"start":{"line":63,"column":20},"end":{"line":74,"column":5}},"loc":{"start":{"line":63,"column":20},"end":{"line":74,"column":5}},"line":63}},"f":{"0":1,"1":2,"2":1,"3":2,"4":1,"5":2,"6":1,"7":1,"8":1,"9":0}}
,"C:\\Users\\ASUS\\Music\\sinergy\\materi\\Chapter8\\[6]Wahyu Rendra Kurniwan\\controllers\\carController.js": {"path":"C:\\Users\\ASUS\\Music\\sinergy\\materi\\Chapter8\\[6]Wahyu Rendra Kurniwan\\controllers\\carController.js","all":false,"statementMap":{"0":{"start":{"line":1,"column":0},"end":{"line":1,"column":53}},"1":{"start":{"line":2,"column":0},"end":{"line":2,"column":0}},"2":{"start":{"line":3,"column":0},"end":{"line":3,"column":36}},"3":{"start":{"line":4,"column":0},"end":{"line":4,"column":48}},"4":{"start":{"line":5,"column":0},"end":{"line":5,"column":0}},"5":{"start":{"line":6,"column":0},"end":{"line":6,"column":31}},"6":{"start":{"line":7,"column":0},"end":{"line":7,"column":76}},"7":{"start":{"line":8,"column":0},"end":{"line":8,"column":13}},"8":{"start":{"line":9,"column":0},"end":{"line":9,"column":18}},"9":{"start":{"line":10,"column":0},"end":{"line":10,"column":14}},"10":{"start":{"line":11,"column":0},"end":{"line":11,"column":31}},"11":{"start":{"line":12,"column":0},"end":{"line":12,"column":23}},"12":{"start":{"line":13,"column":0},"end":{"line":13,"column":7}},"13":{"start":{"line":14,"column":0},"end":{"line":14,"column":0}},"14":{"start":{"line":15,"column":0},"end":{"line":15,"column":34}},"15":{"start":{"line":16,"column":0},"end":{"line":16,"column":23}},"16":{"start":{"line":17,"column":0},"end":{"line":17,"column":25}},"17":{"start":{"line":18,"column":0},"end":{"line":18,"column":19}},"18":{"start":{"line":19,"column":0},"end":{"line":19,"column":7}},"19":{"start":{"line":20,"column":0},"end":{"line":20,"column":2}},"20":{"start":{"line":21,"column":0},"end":{"line":21,"column":0}},"21":{"start":{"line":22,"column":0},"end":{"line":22,"column":40}},"22":{"start":{"line":23,"column":0},"end":{"line":23,"column":77}},"23":{"start":{"line":24,"column":0},"end":{"line":24,"column":34}},"24":{"start":{"line":25,"column":0},"end":{"line":25,"column":23}},"25":{"start":{"line":26,"column":0},"end":{"line":26,"column":25}},"26":{"start":{"line":27,"column":0},"end":{"line":27,"column":19}},"27":{"start":{"line":28,"column":0},"end":{"line":28,"column":7}},"28":{"start":{"line":29,"column":0},"end":{"line":29,"column":2}},"29":{"start":{"line":30,"column":0},"end":{"line":30,"column":0}},"30":{"start":{"line":31,"column":0},"end":{"line":31,"column":42}},"31":{"start":{"line":32,"column":0},"end":{"line":32,"column":30}},"32":{"start":{"line":33,"column":0},"end":{"line":33,"column":84}},"33":{"start":{"line":34,"column":0},"end":{"line":34,"column":34}},"34":{"start":{"line":35,"column":0},"end":{"line":35,"column":23}},"35":{"start":{"line":36,"column":0},"end":{"line":36,"column":25}},"36":{"start":{"line":37,"column":0},"end":{"line":37,"column":19}},"37":{"start":{"line":38,"column":0},"end":{"line":38,"column":7}},"38":{"start":{"line":39,"column":0},"end":{"line":39,"column":2}},"39":{"start":{"line":40,"column":0},"end":{"line":40,"column":0}},"40":{"start":{"line":41,"column":0},"end":{"line":41,"column":40}},"41":{"start":{"line":42,"column":0},"end":{"line":42,"column":30}},"42":{"start":{"line":43,"column":0},"end":{"line":43,"column":48}},"43":{"start":{"line":44,"column":0},"end":{"line":44,"column":76}},"44":{"start":{"line":45,"column":0},"end":{"line":45,"column":11}},"45":{"start":{"line":46,"column":0},"end":{"line":46,"column":13}},"46":{"start":{"line":47,"column":0},"end":{"line":47,"column":14}},"47":{"start":{"line":48,"column":0},"end":{"line":48,"column":18}},"48":{"start":{"line":49,"column":0},"end":{"line":49,"column":24}},"49":{"start":{"line":50,"column":0},"end":{"line":50,"column":30}},"50":{"start":{"line":51,"column":0},"end":{"line":51,"column":7}},"51":{"start":{"line":52,"column":0},"end":{"line":52,"column":34}},"52":{"start":{"line":53,"column":0},"end":{"line":53,"column":23}},"53":{"start":{"line":54,"column":0},"end":{"line":54,"column":25}},"54":{"start":{"line":55,"column":0},"end":{"line":55,"column":19}},"55":{"start":{"line":56,"column":0},"end":{"line":56,"column":7}},"56":{"start":{"line":57,"column":0},"end":{"line":57,"column":2}},"57":{"start":{"line":58,"column":0},"end":{"line":58,"column":0}},"58":{"start":{"line":59,"column":0},"end":{"line":59,"column":44}},"59":{"start":{"line":60,"column":0},"end":{"line":60,"column":30}},"60":{"start":{"line":61,"column":0},"end":{"line":61,"column":80}},"61":{"start":{"line":62,"column":0},"end":{"line":62,"column":11}},"62":{"start":{"line":63,"column":0},"end":{"line":63,"column":27}},"63":{"start":{"line":64,"column":0},"end":{"line":64,"column":7}},"64":{"start":{"line":65,"column":0},"end":{"line":65,"column":34}},"65":{"start":{"line":66,"column":0},"end":{"line":66,"column":23}},"66":{"start":{"line":67,"column":0},"end":{"line":67,"column":25}},"67":{"start":{"line":68,"column":0},"end":{"line":68,"column":19}},"68":{"start":{"line":69,"column":0},"end":{"line":69,"column":7}},"69":{"start":{"line":70,"column":0},"end":{"line":70,"column":2}},"70":{"start":{"line":71,"column":0},"end":{"line":71,"column":0}},"71":{"start":{"line":72,"column":0},"end":{"line":72,"column":82}}},"s":{"0":1,"1":1,"2":1,"3":1,"4":1,"5":1,"6":1,"7":1,"8":1,"9":1,"10":1,"11":1,"12":1,"13":1,"14":1,"15":1,"16":1,"17":1,"18":1,"19":1,"20":1,"21":1,"22":1,"23":1,"24":1,"25":1,"26":1,"27":1,"28":1,"29":1,"30":1,"31":1,"32":1,"33":1,"34":1,"35":1,"36":1,"37":1,"38":1,"39":1,"40":1,"41":1,"42":1,"43":1,"44":1,"45":1,"46":1,"47":1,"48":1,"49":1,"50":1,"51":1,"52":1,"53":1,"54":1,"55":1,"56":1,"57":1,"58":1,"59":1,"60":1,"61":1,"62":1,"63":1,"64":1,"65":1,"66":1,"67":1,"68":1,"69":1,"70":1,"71":1},"branchMap":{"0":{"type":"branch","line":3,"loc":{"start":{"line":3,"column":12},"end":{"line":3,"column":15}},"locations":[{"start":{"line":3,"column":12},"end":{"line":3,"column":15}}]},"1":{"type":"branch","line":3,"loc":{"start":{"line":3,"column":15},"end":{"line":19,"column":7}},"locations":[{"start":{"line":3,"column":15},"end":{"line":19,"column":7}}]},"2":{"type":"branch","line":3,"loc":{"start":{"line":3,"column":30},"end":{"line":19,"column":7}},"locations":[{"start":{"line":3,"column":30},"end":{"line":19,"column":7}}]},"3":{"type":"branch","line":3,"loc":{"start":{"line":3,"column":30},"end":{"line":13,"column":7}},"locations":[{"start":{"line":3,"column":30},"end":{"line":13,"column":7}}]},"4":{"type":"branch","line":13,"loc":{"start":{"line":13,"column":6},"end":{"line":19,"column":7}},"locations":[{"start":{"line":13,"column":6},"end":{"line":19,"column":7}}]},"5":{"type":"branch","line":22,"loc":{"start":{"line":22,"column":16},"end":{"line":22,"column":19}},"locations":[{"start":{"line":22,"column":16},"end":{"line":22,"column":19}}]},"6":{"type":"branch","line":22,"loc":{"start":{"line":22,"column":19},"end":{"line":28,"column":7}},"locations":[{"start":{"line":22,"column":19},"end":{"line":28,"column":7}}]},"7":{"type":"branch","line":22,"loc":{"start":{"line":22,"column":34},"end":{"line":28,"column":7}},"locations":[{"start":{"line":22,"column":34},"end":{"line":28,"column":7}}]},"8":{"type":"branch","line":22,"loc":{"start":{"line":22,"column":34},"end":{"line":23,"column":77}},"locations":[{"start":{"line":22,"column":34},"end":{"line":23,"column":77}}]},"9":{"type":"branch","line":23,"loc":{"start":{"line":23,"column":76},"end":{"line":28,"column":7}},"locations":[{"start":{"line":23,"column":76},"end":{"line":28,"column":7}}]},"10":{"type":"branch","line":31,"loc":{"start":{"line":31,"column":18},"end":{"line":31,"column":21}},"locations":[{"start":{"line":31,"column":18},"end":{"line":31,"column":21}}]},"11":{"type":"branch","line":31,"loc":{"start":{"line":31,"column":21},"end":{"line":38,"column":7}},"locations":[{"start":{"line":31,"column":21},"end":{"line":38,"column":7}}]},"12":{"type":"branch","line":31,"loc":{"start":{"line":31,"column":36},"end":{"line":38,"column":7}},"locations":[{"start":{"line":31,"column":36},"end":{"line":38,"column":7}}]},"13":{"type":"branch","line":31,"loc":{"start":{"line":31,"column":36},"end":{"line":33,"column":84}},"locations":[{"start":{"line":31,"column":36},"end":{"line":33,"column":84}}]},"14":{"type":"branch","line":33,"loc":{"start":{"line":33,"column":83},"end":{"line":38,"column":7}},"locations":[{"start":{"line":33,"column":83},"end":{"line":38,"column":7}}]},"15":{"type":"branch","line":41,"loc":{"start":{"line":41,"column":16},"end":{"line":41,"column":19}},"locations":[{"start":{"line":41,"column":16},"end":{"line":41,"column":19}}]},"16":{"type":"branch","line":41,"loc":{"start":{"line":41,"column":19},"end":{"line":56,"column":7}},"locations":[{"start":{"line":41,"column":19},"end":{"line":56,"column":7}}]},"17":{"type":"branch","line":41,"loc":{"start":{"line":41,"column":34},"end":{"line":56,"column":7}},"locations":[{"start":{"line":41,"column":34},"end":{"line":56,"column":7}}]},"18":{"type":"branch","line":41,"loc":{"start":{"line":41,"column":34},"end":{"line":51,"column":7}},"locations":[{"start":{"line":41,"column":34},"end":{"line":51,"column":7}}]},"19":{"type":"branch","line":51,"loc":{"start":{"line":51,"column":6},"end":{"line":56,"column":7}},"locations":[{"start":{"line":51,"column":6},"end":{"line":56,"column":7}}]},"20":{"type":"branch","line":59,"loc":{"start":{"line":59,"column":20},"end":{"line":59,"column":23}},"locations":[{"start":{"line":59,"column":20},"end":{"line":59,"column":23}}]},"21":{"type":"branch","line":59,"loc":{"start":{"line":59,"column":23},"end":{"line":69,"column":7}},"locations":[{"start":{"line":59,"column":23},"end":{"line":69,"column":7}}]},"22":{"type":"branch","line":59,"loc":{"start":{"line":59,"column":38},"end":{"line":69,"column":7}},"locations":[{"start":{"line":59,"column":38},"end":{"line":69,"column":7}}]},"23":{"type":"branch","line":59,"loc":{"start":{"line":59,"column":38},"end":{"line":64,"column":7}},"locations":[{"start":{"line":59,"column":38},"end":{"line":64,"column":7}}]},"24":{"type":"branch","line":64,"loc":{"start":{"line":64,"column":6},"end":{"line":69,"column":7}},"locations":[{"start":{"line":64,"column":6},"end":{"line":69,"column":7}}]}},"b":{"0":[2],"1":[1],"2":[2],"3":[1],"4":[1],"5":[2],"6":[1],"7":[2],"8":[1],"9":[1],"10":[2],"11":[1],"12":[2],"13":[1],"14":[1],"15":[2],"16":[1],"17":[2],"18":[1],"19":[1],"20":[2],"21":[1],"22":[2],"23":[1],"24":[1]},"fnMap":{"0":{"name":"_callee","decl":{"start":{"line":3,"column":15},"end":{"line":19,"column":7}},"loc":{"start":{"line":3,"column":15},"end":{"line":19,"column":7}},"line":3},"1":{"name":"_callee$","decl":{"start":{"line":3,"column":30},"end":{"line":19,"column":7}},"loc":{"start":{"line":3,"column":30},"end":{"line":19,"column":7}},"line":3},"2":{"name":"_callee2","decl":{"start":{"line":22,"column":19},"end":{"line":28,"column":7}},"loc":{"start":{"line":22,"column":19},"end":{"line":28,"column":7}},"line":22},"3":{"name":"_callee2$","decl":{"start":{"line":22,"column":34},"end":{"line":28,"column":7}},"loc":{"start":{"line":22,"column":34},"end":{"line":28,"column":7}},"line":22},"4":{"name":"_callee3","decl":{"start":{"line":31,"column":21},"end":{"line":38,"column":7}},"loc":{"start":{"line":31,"column":21},"end":{"line":38,"column":7}},"line":31},"5":{"name":"_callee3$","decl":{"start":{"line":31,"column":36},"end":{"line":38,"column":7}},"loc":{"start":{"line":31,"column":36},"end":{"line":38,"column":7}},"line":31},"6":{"name":"_callee4","decl":{"start":{"line":41,"column":19},"end":{"line":56,"column":7}},"loc":{"start":{"line":41,"column":19},"end":{"line":56,"column":7}},"line":41},"7":{"name":"_callee4$","decl":{"start":{"line":41,"column":34},"end":{"line":56,"column":7}},"loc":{"start":{"line":41,"column":34},"end":{"line":56,"column":7}},"line":41},"8":{"name":"_callee5","decl":{"start":{"line":59,"column":23},"end":{"line":69,"column":7}},"loc":{"start":{"line":59,"column":23},"end":{"line":69,"column":7}},"line":59},"9":{"name":"_callee5$","decl":{"start":{"line":59,"column":38},"end":{"line":69,"column":7}},"loc":{"start":{"line":59,"column":38},"end":{"line":69,"column":7}},"line":59}},"f":{"0":1,"1":2,"2":1,"3":2,"4":1,"5":2,"6":1,"7":2,"8":1,"9":2}}
,"C:\\Users\\ASUS\\Music\\sinergy\\materi\\Chapter8\\[6]Wahyu Rendra Kurniwan\\helpers\\fileUploadCloudinary.js": {"path":"C:\\Users\\ASUS\\Music\\sinergy\\materi\\Chapter8\\[6]Wahyu Rendra Kurniwan\\helpers\\fileUploadCloudinary.js","all":false,"statementMap":{"0":{"start":{"line":1,"column":0},"end":{"line":1,"column":33}},"1":{"start":{"line":2,"column":0},"end":{"line":2,"column":0}},"2":{"start":{"line":3,"column":0},"end":{"line":3,"column":39}},"3":{"start":{"line":4,"column":0},"end":{"line":4,"column":0}},"4":{"start":{"line":5,"column":0},"end":{"line":5,"column":37}}},"s":{"0":1,"1":1,"2":1,"3":1,"4":1},"branchMap":{},"b":{},"fnMap":{},"f":{}}
,"C:\\Users\\ASUS\\Music\\sinergy\\materi\\Chapter8\\[6]Wahyu Rendra Kurniwan\\lib\\const.js": {"path":"C:\\Users\\ASUS\\Music\\sinergy\\materi\\Chapter8\\[6]Wahyu Rendra Kurniwan\\lib\\const.js","all":false,"statementMap":{"0":{"start":{"line":1,"column":0},"end":{"line":1,"column":15}},"1":{"start":{"line":2,"column":0},"end":{"line":2,"column":33}},"2":{"start":{"line":3,"column":0},"end":{"line":3,"column":35}},"3":{"start":{"line":4,"column":0},"end":{"line":4,"column":2}},"4":{"start":{"line":5,"column":0},"end":{"line":5,"column":0}},"5":{"start":{"line":6,"column":0},"end":{"line":6,"column":17}},"6":{"start":{"line":7,"column":0},"end":{"line":7,"column":17}},"7":{"start":{"line":8,"column":0},"end":{"line":8,"column":19}},"8":{"start":{"line":9,"column":0},"end":{"line":9,"column":26}},"9":{"start":{"line":10,"column":0},"end":{"line":10,"column":2}}},"s":{"0":1,"1":1,"2":1,"3":1,"4":1,"5":1,"6":1,"7":1,"8":1,"9":1},"branchMap":{},"b":{},"fnMap":{},"f":{}}
,"C:\\Users\\ASUS\\Music\\sinergy\\materi\\Chapter8\\[6]Wahyu Rendra Kurniwan\\middlewares\\auth.js": {"path":"C:\\Users\\ASUS\\Music\\sinergy\\materi\\Chapter8\\[6]Wahyu Rendra Kurniwan\\middlewares\\auth.js","all":false,"statementMap":{"0":{"start":{"line":1,"column":0},"end":{"line":1,"column":36}},"1":{"start":{"line":2,"column":0},"end":{"line":2,"column":40}},"2":{"start":{"line":3,"column":0},"end":{"line":3,"column":67}},"3":{"start":{"line":4,"column":0},"end":{"line":4,"column":42}},"4":{"start":{"line":5,"column":0},"end":{"line":5,"column":0}},"5":{"start":{"line":6,"column":0},"end":{"line":6,"column":48}},"6":{"start":{"line":7,"column":0},"end":{"line":7,"column":46}},"7":{"start":{"line":8,"column":0},"end":{"line":8,"column":17}},"8":{"start":{"line":9,"column":0},"end":{"line":9,"column":0}},"9":{"start":{"line":10,"column":0},"end":{"line":10,"column":52}},"10":{"start":{"line":11,"column":0},"end":{"line":11,"column":37}},"11":{"start":{"line":12,"column":0},"end":{"line":12,"column":6}},"12":{"start":{"line":13,"column":0},"end":{"line":13,"column":33}},"13":{"start":{"line":14,"column":0},"end":{"line":14,"column":20}},"14":{"start":{"line":15,"column":0},"end":{"line":15,"column":64}},"15":{"start":{"line":16,"column":0},"end":{"line":16,"column":17}},"16":{"start":{"line":17,"column":0},"end":{"line":17,"column":7}},"17":{"start":{"line":18,"column":0},"end":{"line":18,"column":0}},"18":{"start":{"line":19,"column":0},"end":{"line":19,"column":7}},"19":{"start":{"line":20,"column":0},"end":{"line":20,"column":52}},"20":{"start":{"line":21,"column":0},"end":{"line":21,"column":64}},"21":{"start":{"line":22,"column":0},"end":{"line":22,"column":0}},"22":{"start":{"line":23,"column":0},"end":{"line":23,"column":23}},"23":{"start":{"line":24,"column":0},"end":{"line":24,"column":0}},"24":{"start":{"line":25,"column":0},"end":{"line":25,"column":11}},"25":{"start":{"line":26,"column":0},"end":{"line":26,"column":0}},"26":{"start":{"line":27,"column":0},"end":{"line":27,"column":11}},"27":{"start":{"line":28,"column":0},"end":{"line":28,"column":17}},"28":{"start":{"line":29,"column":0},"end":{"line":29,"column":33}},"29":{"start":{"line":30,"column":0},"end":{"line":30,"column":20}},"30":{"start":{"line":31,"column":0},"end":{"line":31,"column":62}},"31":{"start":{"line":32,"column":0},"end":{"line":32,"column":17}},"32":{"start":{"line":33,"column":0},"end":{"line":33,"column":7}},"33":{"start":{"line":34,"column":0},"end":{"line":34,"column":3}},"34":{"start":{"line":35,"column":0},"end":{"line":35,"column":2}},"35":{"start":{"line":36,"column":0},"end":{"line":36,"column":0}},"36":{"start":{"line":37,"column":0},"end":{"line":37,"column":43}},"37":{"start":{"line":38,"column":0},"end":{"line":38,"column":24}},"38":{"start":{"line":39,"column":0},"end":{"line":39,"column":0}},"39":{"start":{"line":40,"column":0},"end":{"line":40,"column":81}},"40":{"start":{"line":41,"column":0},"end":{"line":41,"column":0}},"41":{"start":{"line":42,"column":0},"end":{"line":42,"column":31}},"42":{"start":{"line":43,"column":0},"end":{"line":43,"column":18}},"43":{"start":{"line":44,"column":0},"end":{"line":44,"column":67}},"44":{"start":{"line":45,"column":0},"end":{"line":45,"column":15}},"45":{"start":{"line":46,"column":0},"end":{"line":46,"column":5}},"46":{"start":{"line":47,"column":0},"end":{"line":47,"column":2}},"47":{"start":{"line":48,"column":0},"end":{"line":48,"column":0}},"48":{"start":{"line":49,"column":0},"end":{"line":49,"column":48}},"49":{"start":{"line":50,"column":0},"end":{"line":50,"column":24}},"50":{"start":{"line":51,"column":0},"end":{"line":51,"column":0}},"51":{"start":{"line":52,"column":0},"end":{"line":52,"column":52}},"52":{"start":{"line":53,"column":0},"end":{"line":53,"column":0}},"53":{"start":{"line":54,"column":0},"end":{"line":54,"column":31}},"54":{"start":{"line":55,"column":0},"end":{"line":55,"column":18}},"55":{"start":{"line":56,"column":0},"end":{"line":56,"column":72}},"56":{"start":{"line":57,"column":0},"end":{"line":57,"column":15}},"57":{"start":{"line":58,"column":0},"end":{"line":58,"column":5}},"58":{"start":{"line":59,"column":0},"end":{"line":59,"column":2}},"59":{"start":{"line":60,"column":0},"end":{"line":60,"column":0}},"60":{"start":{"line":61,"column":0},"end":{"line":61,"column":57}}},"s":{"0":1,"1":1,"2":1,"3":1,"4":1,"5":1,"6":5,"7":5,"8":5,"9":5,"10":5,"11":0,"12":0,"13":0,"14":0,"15":0,"16":0,"17":5,"18":5,"19":5,"20":5,"21":5,"22":5,"23":5,"24":5,"25":0,"26":0,"27":0,"28":0,"29":0,"30":0,"31":0,"32":0,"33":1,"34":1,"35":1,"36":1,"37":3,"38":3,"39":3,"40":0,"41":0,"42":0,"43":0,"44":0,"45":0,"46":1,"47":1,"48":1,"49":1,"50":1,"51":1,"52":0,"53":0,"54":0,"55":0,"56":0,"57":0,"58":1,"59":1,"60":1},"branchMap":{"0":{"type":"branch","line":2,"loc":{"start":{"line":2,"column":0},"end":{"line":2,"column":8}},"locations":[{"start":{"line":2,"column":0},"end":{"line":2,"column":8}}]},"1":{"type":"branch","line":2,"loc":{"start":{"line":2,"column":0},"end":{"line":2,"column":8}},"locations":[{"start":{"line":2,"column":0},"end":{"line":2,"column":8}}]},"2":{"type":"branch","line":2,"loc":{"start":{"line":2,"column":0},"end":{"line":2,"column":8}},"locations":[{"start":{"line":2,"column":0},"end":{"line":2,"column":8}}]},"3":{"type":"branch","line":2,"loc":{"start":{"line":2,"column":0},"end":{"line":2,"column":8}},"locations":[{"start":{"line":2,"column":0},"end":{"line":2,"column":8}}]},"4":{"type":"branch","line":2,"loc":{"start":{"line":2,"column":0},"end":{"line":2,"column":8}},"locations":[{"start":{"line":2,"column":0},"end":{"line":2,"column":8}}]},"5":{"type":"branch","line":2,"loc":{"start":{"line":2,"column":0},"end":{"line":2,"column":8}},"locations":[{"start":{"line":2,"column":0},"end":{"line":2,"column":8}}]},"6":{"type":"branch","line":2,"loc":{"start":{"line":2,"column":0},"end":{"line":2,"column":8}},"locations":[{"start":{"line":2,"column":0},"end":{"line":2,"column":8}}]},"7":{"type":"branch","line":2,"loc":{"start":{"line":2,"column":0},"end":{"line":2,"column":8}},"locations":[{"start":{"line":2,"column":0},"end":{"line":2,"column":8}}]},"8":{"type":"branch","line":2,"loc":{"start":{"line":2,"column":0},"end":{"line":2,"column":8}},"locations":[{"start":{"line":2,"column":0},"end":{"line":2,"column":8}}]},"9":{"type":"branch","line":2,"loc":{"start":{"line":2,"column":0},"end":{"line":2,"column":8}},"locations":[{"start":{"line":2,"column":0},"end":{"line":2,"column":8}}]},"10":{"type":"branch","line":2,"loc":{"start":{"line":2,"column":0},"end":{"line":2,"column":8}},"locations":[{"start":{"line":2,"column":0},"end":{"line":2,"column":8}}]},"11":{"type":"branch","line":2,"loc":{"start":{"line":2,"column":0},"end":{"line":2,"column":8}},"locations":[{"start":{"line":2,"column":0},"end":{"line":2,"column":8}}]},"12":{"type":"branch","line":2,"loc":{"start":{"line":2,"column":0},"end":{"line":2,"column":8}},"locations":[{"start":{"line":2,"column":0},"end":{"line":2,"column":8}}]},"13":{"type":"branch","line":2,"loc":{"start":{"line":2,"column":0},"end":{"line":2,"column":8}},"locations":[{"start":{"line":2,"column":0},"end":{"line":2,"column":8}}]},"14":{"type":"branch","line":2,"loc":{"start":{"line":2,"column":0},"end":{"line":2,"column":8}},"locations":[{"start":{"line":2,"column":0},"end":{"line":2,"column":8}}]},"15":{"type":"branch","line":2,"loc":{"start":{"line":2,"column":0},"end":{"line":2,"column":8}},"locations":[{"start":{"line":2,"column":0},"end":{"line":2,"column":8}}]},"16":{"type":"branch","line":2,"loc":{"start":{"line":2,"column":0},"end":{"line":2,"column":8}},"locations":[{"start":{"line":2,"column":0},"end":{"line":2,"column":8}}]},"17":{"type":"branch","line":2,"loc":{"start":{"line":2,"column":0},"end":{"line":2,"column":8}},"locations":[{"start":{"line":2,"column":0},"end":{"line":2,"column":8}}]},"18":{"type":"branch","line":2,"loc":{"start":{"line":2,"column":0},"end":{"line":2,"column":8}},"locations":[{"start":{"line":2,"column":0},"end":{"line":2,"column":8}}]},"19":{"type":"branch","line":2,"loc":{"start":{"line":2,"column":0},"end":{"line":2,"column":8}},"locations":[{"start":{"line":2,"column":0},"end":{"line":2,"column":8}}]},"20":{"type":"branch","line":2,"loc":{"start":{"line":2,"column":0},"end":{"line":2,"column":8}},"locations":[{"start":{"line":2,"column":0},"end":{"line":2,"column":8}}]},"21":{"type":"branch","line":2,"loc":{"start":{"line":2,"column":0},"end":{"line":2,"column":8}},"locations":[{"start":{"line":2,"column":0},"end":{"line":2,"column":8}}]},"22":{"type":"branch","line":2,"loc":{"start":{"line":2,"column":0},"end":{"line":2,"column":8}},"locations":[{"start":{"line":2,"column":0},"end":{"line":2,"column":8}}]},"23":{"type":"branch","line":2,"loc":{"start":{"line":2,"column":0},"end":{"line":2,"column":8}},"locations":[{"start":{"line":2,"column":0},"end":{"line":2,"column":8}}]},"24":{"type":"branch","line":2,"loc":{"start":{"line":2,"column":0},"end":{"line":2,"column":8}},"locations":[{"start":{"line":2,"column":0},"end":{"line":2,"column":8}}]},"25":{"type":"branch","line":2,"loc":{"start":{"line":2,"column":0},"end":{"line":2,"column":8}},"locations":[{"start":{"line":2,"column":0},"end":{"line":2,"column":8}}]},"26":{"type":"branch","line":2,"loc":{"start":{"line":2,"column":0},"end":{"line":2,"column":8}},"locations":[{"start":{"line":2,"column":0},"end":{"line":2,"column":8}}]},"27":{"type":"branch","line":2,"loc":{"start":{"line":2,"column":0},"end":{"line":2,"column":8}},"locations":[{"start":{"line":2,"column":0},"end":{"line":2,"column":8}}]},"28":{"type":"branch","line":2,"loc":{"start":{"line":2,"column":0},"end":{"line":2,"column":8}},"locations":[{"start":{"line":2,"column":0},"end":{"line":2,"column":8}}]},"29":{"type":"branch","line":2,"loc":{"start":{"line":2,"column":0},"end":{"line":2,"column":8}},"locations":[{"start":{"line":2,"column":0},"end":{"line":2,"column":8}}]},"30":{"type":"branch","line":2,"loc":{"start":{"line":2,"column":0},"end":{"line":2,"column":8}},"locations":[{"start":{"line":2,"column":0},"end":{"line":2,"column":8}}]},"31":{"type":"branch","line":2,"loc":{"start":{"line":2,"column":0},"end":{"line":2,"column":8}},"locations":[{"start":{"line":2,"column":0},"end":{"line":2,"column":8}}]},"32":{"type":"branch","line":2,"loc":{"start":{"line":2,"column":0},"end":{"line":2,"column":8}},"locations":[{"start":{"line":2,"column":0},"end":{"line":2,"column":8}}]},"33":{"type":"branch","line":2,"loc":{"start":{"line":2,"column":0},"end":{"line":2,"column":8}},"locations":[{"start":{"line":2,"column":0},"end":{"line":2,"column":8}}]},"34":{"type":"branch","line":2,"loc":{"start":{"line":2,"column":0},"end":{"line":2,"column":8}},"locations":[{"start":{"line":2,"column":0},"end":{"line":2,"column":8}}]},"35":{"type":"branch","line":2,"loc":{"start":{"line":2,"column":0},"end":{"line":2,"column":8}},"locations":[{"start":{"line":2,"column":0},"end":{"line":2,"column":8}}]},"36":{"type":"branch","line":2,"loc":{"start":{"line":2,"column":0},"end":{"line":2,"column":8}},"locations":[{"start":{"line":2,"column":0},"end":{"line":2,"column":8}}]},"37":{"type":"branch","line":2,"loc":{"start":{"line":2,"column":0},"end":{"line":2,"column":8}},"locations":[{"start":{"line":2,"column":0},"end":{"line":2,"column":8}}]},"38":{"type":"branch","line":2,"loc":{"start":{"line":2,"column":0},"end":{"line":2,"column":8}},"locations":[{"start":{"line":2,"column":0},"end":{"line":2,"column":8}}]},"39":{"type":"branch","line":2,"loc":{"start":{"line":2,"column":0},"end":{"line":2,"column":8}},"locations":[{"start":{"line":2,"column":0},"end":{"line":2,"column":8}}]},"40":{"type":"branch","line":2,"loc":{"start":{"line":2,"column":0},"end":{"line":2,"column":8}},"locations":[{"start":{"line":2,"column":0},"end":{"line":2,"column":8}}]},"41":{"type":"branch","line":2,"loc":{"start":{"line":2,"column":0},"end":{"line":2,"column":8}},"locations":[{"start":{"line":2,"column":0},"end":{"line":2,"column":8}}]},"42":{"type":"branch","line":2,"loc":{"start":{"line":2,"column":0},"end":{"line":2,"column":8}},"locations":[{"start":{"line":2,"column":0},"end":{"line":2,"column":8}}]},"43":{"type":"branch","line":2,"loc":{"start":{"line":2,"column":0},"end":{"line":2,"column":8}},"locations":[{"start":{"line":2,"column":0},"end":{"line":2,"column":8}}]},"44":{"type":"branch","line":2,"loc":{"start":{"line":2,"column":0},"end":{"line":2,"column":8}},"locations":[{"start":{"line":2,"column":0},"end":{"line":2,"column":8}}]},"45":{"type":"branch","line":2,"loc":{"start":{"line":2,"column":0},"end":{"line":2,"column":8}},"locations":[{"start":{"line":2,"column":0},"end":{"line":2,"column":8}}]},"46":{"type":"branch","line":2,"loc":{"start":{"line":2,"column":0},"end":{"line":2,"column":8}},"locations":[{"start":{"line":2,"column":0},"end":{"line":2,"column":8}}]},"47":{"type":"branch","line":2,"loc":{"start":{"line":2,"column":0},"end":{"line":2,"column":8}},"locations":[{"start":{"line":2,"column":0},"end":{"line":2,"column":8}}]},"48":{"type":"branch","line":2,"loc":{"start":{"line":2,"column":0},"end":{"line":2,"column":8}},"locations":[{"start":{"line":2,"column":0},"end":{"line":2,"column":8}}]},"49":{"type":"branch","line":2,"loc":{"start":{"line":2,"column":0},"end":{"line":2,"column":8}},"locations":[{"start":{"line":2,"column":0},"end":{"line":2,"column":8}}]},"50":{"type":"branch","line":2,"loc":{"start":{"line":2,"column":0},"end":{"line":2,"column":8}},"locations":[{"start":{"line":2,"column":0},"end":{"line":2,"column":8}}]},"51":{"type":"branch","line":2,"loc":{"start":{"line":2,"column":0},"end":{"line":2,"column":8}},"locations":[{"start":{"line":2,"column":0},"end":{"line":2,"column":8}}]},"52":{"type":"branch","line":2,"loc":{"start":{"line":2,"column":0},"end":{"line":2,"column":8}},"locations":[{"start":{"line":2,"column":0},"end":{"line":2,"column":8}}]},"53":{"type":"branch","line":2,"loc":{"start":{"line":2,"column":0},"end":{"line":2,"column":8}},"locations":[{"start":{"line":2,"column":0},"end":{"line":2,"column":8}}]},"54":{"type":"branch","line":2,"loc":{"start":{"line":2,"column":0},"end":{"line":2,"column":8}},"locations":[{"start":{"line":2,"column":0},"end":{"line":2,"column":8}}]},"55":{"type":"branch","line":2,"loc":{"start":{"line":2,"column":0},"end":{"line":2,"column":8}},"locations":[{"start":{"line":2,"column":0},"end":{"line":2,"column":8}}]},"56":{"type":"branch","line":2,"loc":{"start":{"line":2,"column":0},"end":{"line":2,"column":8}},"locations":[{"start":{"line":2,"column":0},"end":{"line":2,"column":8}}]},"57":{"type":"branch","line":2,"loc":{"start":{"line":2,"column":0},"end":{"line":2,"column":8}},"locations":[{"start":{"line":2,"column":0},"end":{"line":2,"column":8}}]},"58":{"type":"branch","line":2,"loc":{"start":{"line":2,"column":0},"end":{"line":2,"column":8}},"locations":[{"start":{"line":2,"column":0},"end":{"line":2,"column":8}}]},"59":{"type":"branch","line":2,"loc":{"start":{"line":2,"column":0},"end":{"line":2,"column":8}},"locations":[{"start":{"line":2,"column":0},"end":{"line":2,"column":8}}]},"60":{"type":"branch","line":2,"loc":{"start":{"line":2,"column":0},"end":{"line":2,"column":8}},"locations":[{"start":{"line":2,"column":0},"end":{"line":2,"column":8}}]},"61":{"type":"branch","line":2,"loc":{"start":{"line":2,"column":0},"end":{"line":2,"column":8}},"locations":[{"start":{"line":2,"column":0},"end":{"line":2,"column":8}}]},"62":{"type":"branch","line":2,"loc":{"start":{"line":2,"column":0},"end":{"line":2,"column":8}},"locations":[{"start":{"line":2,"column":0},"end":{"line":2,"column":8}}]},"63":{"type":"branch","line":2,"loc":{"start":{"line":2,"column":0},"end":{"line":2,"column":8}},"locations":[{"start":{"line":2,"column":0},"end":{"line":2,"column":8}}]},"64":{"type":"branch","line":2,"loc":{"start":{"line":2,"column":0},"end":{"line":2,"column":8}},"locations":[{"start":{"line":2,"column":0},"end":{"line":2,"column":8}}]},"65":{"type":"branch","line":2,"loc":{"start":{"line":2,"column":0},"end":{"line":2,"column":8}},"locations":[{"start":{"line":2,"column":0},"end":{"line":2,"column":8}}]},"66":{"type":"branch","line":2,"loc":{"start":{"line":2,"column":0},"end":{"line":2,"column":8}},"locations":[{"start":{"line":2,"column":0},"end":{"line":2,"column":8}}]},"67":{"type":"branch","line":6,"loc":{"start":{"line":6,"column":18},"end":{"line":6,"column":21}},"locations":[{"start":{"line":6,"column":18},"end":{"line":6,"column":21}}]},"68":{"type":"branch","line":6,"loc":{"start":{"line":6,"column":21},"end":{"line":33,"column":7}},"locations":[{"start":{"line":6,"column":21},"end":{"line":33,"column":7}}]},"69":{"type":"branch","line":6,"loc":{"start":{"line":6,"column":42},"end":{"line":33,"column":7}},"locations":[{"start":{"line":6,"column":42},"end":{"line":33,"column":7}}]},"70":{"type":"branch","line":6,"loc":{"start":{"line":6,"column":42},"end":{"line":33,"column":7}},"locations":[{"start":{"line":6,"column":42},"end":{"line":33,"column":7}}]},"71":{"type":"branch","line":6,"loc":{"start":{"line":6,"column":42},"end":{"line":11,"column":37}},"locations":[{"start":{"line":6,"column":42},"end":{"line":11,"column":37}}]},"72":{"type":"branch","line":10,"loc":{"start":{"line":10,"column":51},"end":{"line":10,"column":52}},"locations":[{"start":{"line":10,"column":51},"end":{"line":10,"column":52}}]},"73":{"type":"branch","line":12,"loc":{"start":{"line":12,"column":-2},"end":{"line":17,"column":7}},"locations":[{"start":{"line":12,"column":-2},"end":{"line":17,"column":7}}]},"74":{"type":"branch","line":17,"loc":{"start":{"line":17,"column":6},"end":{"line":21,"column":64}},"locations":[{"start":{"line":17,"column":6},"end":{"line":21,"column":64}}]},"75":{"type":"branch","line":21,"loc":{"start":{"line":21,"column":63},"end":{"line":25,"column":11}},"locations":[{"start":{"line":21,"column":63},"end":{"line":25,"column":11}}]},"76":{"type":"branch","line":26,"loc":{"start":{"line":26,"column":-2},"end":{"line":33,"column":7}},"locations":[{"start":{"line":26,"column":-2},"end":{"line":33,"column":7}}]},"77":{"type":"branch","line":33,"loc":{"start":{"line":33,"column":6},"end":{"line":33,"column":7}},"locations":[{"start":{"line":33,"column":6},"end":{"line":33,"column":7}}]},"78":{"type":"branch","line":33,"loc":{"start":{"line":33,"column":6},"end":{"line":33,"column":7}},"locations":[{"start":{"line":33,"column":6},"end":{"line":33,"column":7}}]},"79":{"type":"branch","line":37,"loc":{"start":{"line":37,"column":13},"end":{"line":37,"column":16}},"locations":[{"start":{"line":37,"column":13},"end":{"line":37,"column":16}}]},"80":{"type":"branch","line":37,"loc":{"start":{"line":37,"column":16},"end":{"line":46,"column":5}},"locations":[{"start":{"line":37,"column":16},"end":{"line":46,"column":5}}]},"81":{"type":"branch","line":37,"loc":{"start":{"line":37,"column":37},"end":{"line":46,"column":5}},"locations":[{"start":{"line":37,"column":37},"end":{"line":46,"column":5}}]},"82":{"type":"branch","line":37,"loc":{"start":{"line":37,"column":37},"end":{"line":40,"column":81}},"locations":[{"start":{"line":37,"column":37},"end":{"line":40,"column":81}}]},"83":{"type":"branch","line":40,"loc":{"start":{"line":40,"column":65},"end":{"line":40,"column":74}},"locations":[{"start":{"line":40,"column":65},"end":{"line":40,"column":74}}]},"84":{"type":"branch","line":40,"loc":{"start":{"line":40,"column":80},"end":{"line":46,"column":5}},"locations":[{"start":{"line":40,"column":80},"end":{"line":46,"column":5}}]},"85":{"type":"branch","line":46,"loc":{"start":{"line":46,"column":4},"end":{"line":46,"column":5}},"locations":[{"start":{"line":46,"column":4},"end":{"line":46,"column":5}}]},"86":{"type":"branch","line":46,"loc":{"start":{"line":46,"column":4},"end":{"line":46,"column":5}},"locations":[{"start":{"line":46,"column":4},"end":{"line":46,"column":5}}]},"87":{"type":"branch","line":49,"loc":{"start":{"line":49,"column":18},"end":{"line":49,"column":21}},"locations":[{"start":{"line":49,"column":18},"end":{"line":49,"column":21}}]},"88":{"type":"branch","line":49,"loc":{"start":{"line":49,"column":21},"end":{"line":58,"column":5}},"locations":[{"start":{"line":49,"column":21},"end":{"line":58,"column":5}}]},"89":{"type":"branch","line":49,"loc":{"start":{"line":49,"column":42},"end":{"line":58,"column":5}},"locations":[{"start":{"line":49,"column":42},"end":{"line":58,"column":5}}]},"90":{"type":"branch","line":49,"loc":{"start":{"line":49,"column":42},"end":{"line":52,"column":52}},"locations":[{"start":{"line":49,"column":42},"end":{"line":52,"column":52}}]},"91":{"type":"branch","line":52,"loc":{"start":{"line":52,"column":36},"end":{"line":52,"column":45}},"locations":[{"start":{"line":52,"column":36},"end":{"line":52,"column":45}}]},"92":{"type":"branch","line":52,"loc":{"start":{"line":52,"column":51},"end":{"line":58,"column":5}},"locations":[{"start":{"line":52,"column":51},"end":{"line":58,"column":5}}]},"93":{"type":"branch","line":58,"loc":{"start":{"line":58,"column":4},"end":{"line":58,"column":5}},"locations":[{"start":{"line":58,"column":4},"end":{"line":58,"column":5}}]},"94":{"type":"branch","line":58,"loc":{"start":{"line":58,"column":4},"end":{"line":58,"column":5}},"locations":[{"start":{"line":58,"column":4},"end":{"line":58,"column":5}}]}},"b":{"0":[2],"1":[0],"2":[0],"3":[0],"4":[0],"5":[0],"6":[0],"7":[13],"8":[26],"9":[9],"10":[0],"11":[4],"12":[23],"13":[0],"14":[4],"15":[12],"16":[14],"17":[9],"18":[14],"19":[0],"20":[0],"21":[23],"22":[0],"23":[14],"24":[9],"25":[0],"26":[9],"27":[14],"28":[9],"29":[14],"30":[0],"31":[5],"32":[0],"33":[14],"34":[9],"35":[2],"36":[0],"37":[0],"38":[6],"39":[0],"40":[9],"41":[0],"42":[9],"43":[0],"44":[18],"45":[28],"46":[10],"47":[0],"48":[0],"49":[0],"50":[0],"51":[0],"52":[0],"53":[0],"54":[0],"55":[18],"56":[0],"57":[0],"58":[0],"59":[14],"60":[0],"61":[9],"62":[5],"63":[6],"64":[9],"65":[9],"66":[14],"67":[2],"68":[5],"69":[15],"70":[20],"71":[5],"72":[0],"73":[0],"74":[5],"75":[5],"76":[0],"77":[0],"78":[5],"79":[2],"80":[3],"81":[6],"82":[3],"83":[0],"84":[0],"85":[0],"86":[3],"87":[2],"88":[1],"89":[2],"90":[1],"91":[0],"92":[0],"93":[0],"94":[1]},"fnMap":{"0":{"name":"_regeneratorRuntime","decl":{"start":{"line":2,"column":0},"end":{"line":2,"column":8}},"loc":{"start":{"line":2,"column":0},"end":{"line":2,"column":8}},"line":2},"1":{"name":"_regeneratorRuntime","decl":{"start":{"line":2,"column":0},"end":{"line":2,"column":8}},"loc":{"start":{"line":2,"column":0},"end":{"line":2,"column":8}},"line":2},"2":{"name":"defineProperty","decl":{"start":{"line":2,"column":0},"end":{"line":2,"column":8}},"loc":{"start":{"line":2,"column":0},"end":{"line":2,"column":8}},"line":2},"3":{"name":"define","decl":{"start":{"line":2,"column":0},"end":{"line":2,"column":8}},"loc":{"start":{"line":2,"column":0},"end":{"line":2,"column":8}},"line":2},"4":{"name":"define","decl":{"start":{"line":2,"column":0},"end":{"line":2,"column":8}},"loc":{"start":{"line":2,"column":0},"end":{"line":2,"column":8}},"line":2},"5":{"name":"wrap","decl":{"start":{"line":2,"column":0},"end":{"line":2,"column":8}},"loc":{"start":{"line":2,"column":0},"end":{"line":2,"column":8}},"line":2},"6":{"name":"tryCatch","decl":{"start":{"line":2,"column":0},"end":{"line":2,"column":8}},"loc":{"start":{"line":2,"column":0},"end":{"line":2,"column":8}},"line":2},"7":{"name":"Generator","decl":{"start":{"line":2,"column":0},"end":{"line":2,"column":8}},"loc":{"start":{"line":2,"column":0},"end":{"line":2,"column":8}},"line":2},"8":{"name":"GeneratorFunction","decl":{"start":{"line":2,"column":0},"end":{"line":2,"column":8}},"loc":{"start":{"line":2,"column":0},"end":{"line":2,"column":8}},"line":2},"9":{"name":"GeneratorFunctionPrototype","decl":{"start":{"line":2,"column":0},"end":{"line":2,"column":8}},"loc":{"start":{"line":2,"column":0},"end":{"line":2,"column":8}},"line":2},"10":{"name":"defineIteratorMethods","decl":{"start":{"line":2,"column":0},"end":{"line":2,"column":8}},"loc":{"start":{"line":2,"column":0},"end":{"line":2,"column":8}},"line":2},"11":{"name":"AsyncIterator","decl":{"start":{"line":2,"column":0},"end":{"line":2,"column":8}},"loc":{"start":{"line":2,"column":0},"end":{"line":2,"column":8}},"line":2},"12":{"name":"makeInvokeMethod","decl":{"start":{"line":2,"column":0},"end":{"line":2,"column":8}},"loc":{"start":{"line":2,"column":0},"end":{"line":2,"column":8}},"line":2},"13":{"name":"maybeInvokeDelegate","decl":{"start":{"line":2,"column":0},"end":{"line":2,"column":8}},"loc":{"start":{"line":2,"column":0},"end":{"line":2,"column":8}},"line":2},"14":{"name":"pushTryEntry","decl":{"start":{"line":2,"column":0},"end":{"line":2,"column":8}},"loc":{"start":{"line":2,"column":0},"end":{"line":2,"column":8}},"line":2},"15":{"name":"resetTryEntry","decl":{"start":{"line":2,"column":0},"end":{"line":2,"column":8}},"loc":{"start":{"line":2,"column":0},"end":{"line":2,"column":8}},"line":2},"16":{"name":"Context","decl":{"start":{"line":2,"column":0},"end":{"line":2,"column":8}},"loc":{"start":{"line":2,"column":0},"end":{"line":2,"column":8}},"line":2},"17":{"name":"values","decl":{"start":{"line":2,"column":0},"end":{"line":2,"column":8}},"loc":{"start":{"line":2,"column":0},"end":{"line":2,"column":8}},"line":2},"18":{"name":"next","decl":{"start":{"line":2,"column":0},"end":{"line":2,"column":8}},"loc":{"start":{"line":2,"column":0},"end":{"line":2,"column":8}},"line":2},"19":{"name":"doneResult","decl":{"start":{"line":2,"column":0},"end":{"line":2,"column":8}},"loc":{"start":{"line":2,"column":0},"end":{"line":2,"column":8}},"line":2},"20":{"name":"exports.isGeneratorFunction","decl":{"start":{"line":2,"column":0},"end":{"line":2,"column":8}},"loc":{"start":{"line":2,"column":0},"end":{"line":2,"column":8}},"line":2},"21":{"name":"exports.mark","decl":{"start":{"line":2,"column":0},"end":{"line":2,"column":8}},"loc":{"start":{"line":2,"column":0},"end":{"line":2,"column":8}},"line":2},"22":{"name":"exports.awrap","decl":{"start":{"line":2,"column":0},"end":{"line":2,"column":8}},"loc":{"start":{"line":2,"column":0},"end":{"line":2,"column":8}},"line":2},"23":{"name":"exports.async","decl":{"start":{"line":2,"column":0},"end":{"line":2,"column":8}},"loc":{"start":{"line":2,"column":0},"end":{"line":2,"column":8}},"line":2},"24":{"name":"exports.keys","decl":{"start":{"line":2,"column":0},"end":{"line":2,"column":8}},"loc":{"start":{"line":2,"column":0},"end":{"line":2,"column":8}},"line":2},"25":{"name":"reset","decl":{"start":{"line":2,"column":0},"end":{"line":2,"column":8}},"loc":{"start":{"line":2,"column":0},"end":{"line":2,"column":8}},"line":2},"26":{"name":"stop","decl":{"start":{"line":2,"column":0},"end":{"line":2,"column":8}},"loc":{"start":{"line":2,"column":0},"end":{"line":2,"column":8}},"line":2},"27":{"name":"dispatchException","decl":{"start":{"line":2,"column":0},"end":{"line":2,"column":8}},"loc":{"start":{"line":2,"column":0},"end":{"line":2,"column":8}},"line":2},"28":{"name":"abrupt","decl":{"start":{"line":2,"column":0},"end":{"line":2,"column":8}},"loc":{"start":{"line":2,"column":0},"end":{"line":2,"column":8}},"line":2},"29":{"name":"complete","decl":{"start":{"line":2,"column":0},"end":{"line":2,"column":8}},"loc":{"start":{"line":2,"column":0},"end":{"line":2,"column":8}},"line":2},"30":{"name":"finish","decl":{"start":{"line":2,"column":0},"end":{"line":2,"column":8}},"loc":{"start":{"line":2,"column":0},"end":{"line":2,"column":8}},"line":2},"31":{"name":"_catch","decl":{"start":{"line":2,"column":0},"end":{"line":2,"column":8}},"loc":{"start":{"line":2,"column":0},"end":{"line":2,"column":8}},"line":2},"32":{"name":"delegateYield","decl":{"start":{"line":2,"column":0},"end":{"line":2,"column":8}},"loc":{"start":{"line":2,"column":0},"end":{"line":2,"column":8}},"line":2},"33":{"name":"asyncGeneratorStep","decl":{"start":{"line":2,"column":0},"end":{"line":2,"column":8}},"loc":{"start":{"line":2,"column":0},"end":{"line":2,"column":8}},"line":2},"34":{"name":"_asyncToGenerator","decl":{"start":{"line":2,"column":0},"end":{"line":2,"column":8}},"loc":{"start":{"line":2,"column":0},"end":{"line":2,"column":8}},"line":2},"35":{"name":"_next","decl":{"start":{"line":2,"column":0},"end":{"line":2,"column":8}},"loc":{"start":{"line":2,"column":0},"end":{"line":2,"column":8}},"line":2},"36":{"name":"_throw","decl":{"start":{"line":2,"column":0},"end":{"line":2,"column":8}},"loc":{"start":{"line":2,"column":0},"end":{"line":2,"column":8}},"line":2},"37":{"name":"_callee","decl":{"start":{"line":6,"column":21},"end":{"line":33,"column":7}},"loc":{"start":{"line":6,"column":21},"end":{"line":33,"column":7}},"line":6},"38":{"name":"_callee$","decl":{"start":{"line":6,"column":42},"end":{"line":33,"column":7}},"loc":{"start":{"line":6,"column":42},"end":{"line":33,"column":7}},"line":6},"39":{"name":"_callee2","decl":{"start":{"line":37,"column":16},"end":{"line":46,"column":5}},"loc":{"start":{"line":37,"column":16},"end":{"line":46,"column":5}},"line":37},"40":{"name":"_callee2$","decl":{"start":{"line":37,"column":37},"end":{"line":46,"column":5}},"loc":{"start":{"line":37,"column":37},"end":{"line":46,"column":5}},"line":37},"41":{"name":"_callee3","decl":{"start":{"line":49,"column":21},"end":{"line":58,"column":5}},"loc":{"start":{"line":49,"column":21},"end":{"line":58,"column":5}},"line":49},"42":{"name":"_callee3$","decl":{"start":{"line":49,"column":42},"end":{"line":58,"column":5}},"loc":{"start":{"line":49,"column":42},"end":{"line":58,"column":5}},"line":49}},"f":{"0":2,"1":13,"2":0,"3":26,"4":0,"5":9,"6":23,"7":0,"8":0,"9":0,"10":4,"11":0,"12":9,"13":0,"14":5,"15":14,"16":9,"17":2,"18":0,"19":0,"20":0,"21":6,"22":0,"23":0,"24":0,"25":9,"26":9,"27":0,"28":18,"29":18,"30":0,"31":0,"32":0,"33":14,"34":6,"35":14,"36":0,"37":5,"38":15,"39":3,"40":6,"41":1,"42":2}}
,"C:\\Users\\ASUS\\Music\\sinergy\\materi\\Chapter8\\[6]Wahyu Rendra Kurniwan\\models\\Cars.js": {"path":"C:\\Users\\ASUS\\Music\\sinergy\\materi\\Chapter8\\[6]Wahyu Rendra Kurniwan\\models\\Cars.js","all":false,"statementMap":{"0":{"start":{"line":1,"column":0},"end":{"line":1,"column":13}},"1":{"start":{"line":2,"column":0},"end":{"line":2,"column":7}},"2":{"start":{"line":3,"column":0},"end":{"line":3,"column":7}},"3":{"start":{"line":4,"column":0},"end":{"line":4,"column":25}},"4":{"start":{"line":5,"column":0},"end":{"line":5,"column":44}},"5":{"start":{"line":6,"column":0},"end":{"line":6,"column":28}},"6":{"start":{"line":7,"column":0},"end":{"line":7,"column":7}},"7":{"start":{"line":8,"column":0},"end":{"line":8,"column":47}},"8":{"start":{"line":9,"column":0},"end":{"line":9,"column":56}},"9":{"start":{"line":10,"column":0},"end":{"line":10,"column":67}},"10":{"start":{"line":11,"column":0},"end":{"line":11,"column":7}},"11":{"start":{"line":12,"column":0},"end":{"line":12,"column":30}},"12":{"start":{"line":13,"column":0},"end":{"line":13,"column":32}},"13":{"start":{"line":14,"column":0},"end":{"line":14,"column":5}},"14":{"start":{"line":15,"column":0},"end":{"line":15,"column":3}},"15":{"start":{"line":16,"column":0},"end":{"line":16,"column":13}},"16":{"start":{"line":17,"column":0},"end":{"line":17,"column":27}},"17":{"start":{"line":18,"column":0},"end":{"line":18,"column":32}},"18":{"start":{"line":19,"column":0},"end":{"line":19,"column":29}},"19":{"start":{"line":20,"column":0},"end":{"line":20,"column":28}},"20":{"start":{"line":21,"column":0},"end":{"line":21,"column":33}},"21":{"start":{"line":22,"column":0},"end":{"line":22,"column":33}},"22":{"start":{"line":23,"column":0},"end":{"line":23,"column":33}},"23":{"start":{"line":24,"column":0},"end":{"line":24,"column":29}},"24":{"start":{"line":25,"column":0},"end":{"line":25,"column":0}},"25":{"start":{"line":26,"column":0},"end":{"line":26,"column":6}},"26":{"start":{"line":27,"column":0},"end":{"line":27,"column":14}},"27":{"start":{"line":28,"column":0},"end":{"line":28,"column":22}},"28":{"start":{"line":29,"column":0},"end":{"line":29,"column":5}},"29":{"start":{"line":30,"column":0},"end":{"line":30,"column":14}},"30":{"start":{"line":31,"column":0},"end":{"line":31,"column":2}}},"s":{"0":1,"1":1,"2":1,"3":1,"4":1,"5":6,"6":6,"7":6,"8":6,"9":6,"10":6,"11":6,"12":6,"13":6,"14":6,"15":6,"16":6,"17":6,"18":6,"19":6,"20":6,"21":6,"22":6,"23":6,"24":6,"25":6,"26":6,"27":6,"28":6,"29":6,"30":6},"branchMap":{"0":{"type":"branch","line":5,"loc":{"start":{"line":5,"column":17},"end":{"line":31,"column":2}},"locations":[{"start":{"line":5,"column":17},"end":{"line":31,"column":2}}]},"1":{"type":"branch","line":6,"loc":{"start":{"line":6,"column":12},"end":{"line":14,"column":5}},"locations":[{"start":{"line":6,"column":12},"end":{"line":14,"column":5}}]},"2":{"type":"branch","line":6,"loc":{"start":{"line":6,"column":12},"end":{"line":6,"column":21}},"locations":[{"start":{"line":6,"column":12},"end":{"line":6,"column":21}}]},"3":{"type":"branch","line":12,"loc":{"start":{"line":12,"column":4},"end":{"line":13,"column":32}},"locations":[{"start":{"line":12,"column":4},"end":{"line":13,"column":32}}]}},"b":{"0":[6],"1":[6],"2":[41],"3":[6]},"fnMap":{"0":{"name":"Object.<anonymous>.module.exports","decl":{"start":{"line":5,"column":17},"end":{"line":31,"column":2}},"loc":{"start":{"line":5,"column":17},"end":{"line":31,"column":2}},"line":5},"1":{"name":"Cars","decl":{"start":{"line":6,"column":12},"end":{"line":6,"column":21}},"loc":{"start":{"line":6,"column":12},"end":{"line":6,"column":21}},"line":6},"2":{"name":"associate","decl":{"start":{"line":12,"column":4},"end":{"line":13,"column":32}},"loc":{"start":{"line":12,"column":4},"end":{"line":13,"column":32}},"line":12}},"f":{"0":6,"1":41,"2":6}}
,"C:\\Users\\ASUS\\Music\\sinergy\\materi\\Chapter8\\[6]Wahyu Rendra Kurniwan\\models\\Users.js": {"path":"C:\\Users\\ASUS\\Music\\sinergy\\materi\\Chapter8\\[6]Wahyu Rendra Kurniwan\\models\\Users.js","all":false,"statementMap":{"0":{"start":{"line":1,"column":0},"end":{"line":1,"column":13}},"1":{"start":{"line":2,"column":0},"end":{"line":2,"column":7}},"2":{"start":{"line":3,"column":0},"end":{"line":3,"column":7}},"3":{"start":{"line":4,"column":0},"end":{"line":4,"column":25}},"4":{"start":{"line":5,"column":0},"end":{"line":5,"column":44}},"5":{"start":{"line":6,"column":0},"end":{"line":6,"column":29}},"6":{"start":{"line":7,"column":0},"end":{"line":7,"column":7}},"7":{"start":{"line":8,"column":0},"end":{"line":8,"column":47}},"8":{"start":{"line":9,"column":0},"end":{"line":9,"column":56}},"9":{"start":{"line":10,"column":0},"end":{"line":10,"column":67}},"10":{"start":{"line":11,"column":0},"end":{"line":11,"column":7}},"11":{"start":{"line":12,"column":0},"end":{"line":12,"column":30}},"12":{"start":{"line":13,"column":0},"end":{"line":13,"column":32}},"13":{"start":{"line":14,"column":0},"end":{"line":14,"column":5}},"14":{"start":{"line":15,"column":0},"end":{"line":15,"column":3}},"15":{"start":{"line":16,"column":0},"end":{"line":16,"column":14}},"16":{"start":{"line":17,"column":0},"end":{"line":17,"column":27}},"17":{"start":{"line":18,"column":0},"end":{"line":18,"column":27}},"18":{"start":{"line":19,"column":0},"end":{"line":19,"column":28}},"19":{"start":{"line":20,"column":0},"end":{"line":20,"column":31}},"20":{"start":{"line":21,"column":0},"end":{"line":21,"column":6}},"21":{"start":{"line":22,"column":0},"end":{"line":22,"column":14}},"22":{"start":{"line":23,"column":0},"end":{"line":23,"column":23}},"23":{"start":{"line":24,"column":0},"end":{"line":24,"column":5}},"24":{"start":{"line":25,"column":0},"end":{"line":25,"column":15}},"25":{"start":{"line":26,"column":0},"end":{"line":26,"column":2}}},"s":{"0":1,"1":1,"2":1,"3":1,"4":1,"5":6,"6":6,"7":6,"8":6,"9":6,"10":6,"11":6,"12":6,"13":6,"14":6,"15":6,"16":6,"17":6,"18":6,"19":6,"20":6,"21":6,"22":6,"23":6,"24":6,"25":6},"branchMap":{"0":{"type":"branch","line":5,"loc":{"start":{"line":5,"column":17},"end":{"line":26,"column":2}},"locations":[{"start":{"line":5,"column":17},"end":{"line":26,"column":2}}]},"1":{"type":"branch","line":6,"loc":{"start":{"line":6,"column":13},"end":{"line":14,"column":5}},"locations":[{"start":{"line":6,"column":13},"end":{"line":14,"column":5}}]},"2":{"type":"branch","line":6,"loc":{"start":{"line":6,"column":13},"end":{"line":6,"column":22}},"locations":[{"start":{"line":6,"column":13},"end":{"line":6,"column":22}}]},"3":{"type":"branch","line":12,"loc":{"start":{"line":12,"column":4},"end":{"line":13,"column":32}},"locations":[{"start":{"line":12,"column":4},"end":{"line":13,"column":32}}]}},"b":{"0":[6],"1":[6],"2":[23],"3":[6]},"fnMap":{"0":{"name":"Object.<anonymous>.module.exports","decl":{"start":{"line":5,"column":17},"end":{"line":26,"column":2}},"loc":{"start":{"line":5,"column":17},"end":{"line":26,"column":2}},"line":5},"1":{"name":"Users","decl":{"start":{"line":6,"column":13},"end":{"line":6,"column":22}},"loc":{"start":{"line":6,"column":13},"end":{"line":6,"column":22}},"line":6},"2":{"name":"associate","decl":{"start":{"line":12,"column":4},"end":{"line":13,"column":32}},"loc":{"start":{"line":12,"column":4},"end":{"line":13,"column":32}},"line":12}},"f":{"0":6,"1":23,"2":6}}
,"C:\\Users\\ASUS\\Music\\sinergy\\materi\\Chapter8\\[6]Wahyu Rendra Kurniwan\\models\\index.js": {"path":"C:\\Users\\ASUS\\Music\\sinergy\\materi\\Chapter8\\[6]Wahyu Rendra Kurniwan\\models\\index.js","all":false,"statementMap":{"0":{"start":{"line":1,"column":0},"end":{"line":1,"column":13}},"1":{"start":{"line":2,"column":0},"end":{"line":2,"column":0}},"2":{"start":{"line":3,"column":0},"end":{"line":3,"column":25}},"3":{"start":{"line":4,"column":0},"end":{"line":4,"column":29}},"4":{"start":{"line":5,"column":0},"end":{"line":5,"column":39}},"5":{"start":{"line":6,"column":0},"end":{"line":6,"column":35}},"6":{"start":{"line":7,"column":0},"end":{"line":7,"column":43}},"7":{"start":{"line":8,"column":0},"end":{"line":8,"column":50}},"8":{"start":{"line":9,"column":0},"end":{"line":9,"column":64}},"9":{"start":{"line":10,"column":0},"end":{"line":10,"column":14}},"10":{"start":{"line":11,"column":0},"end":{"line":11,"column":0}},"11":{"start":{"line":12,"column":0},"end":{"line":12,"column":14}},"12":{"start":{"line":13,"column":0},"end":{"line":13,"column":30}},"13":{"start":{"line":14,"column":0},"end":{"line":14,"column":74}},"14":{"start":{"line":15,"column":0},"end":{"line":15,"column":8}},"15":{"start":{"line":16,"column":0},"end":{"line":16,"column":87}},"16":{"start":{"line":17,"column":0},"end":{"line":17,"column":1}},"17":{"start":{"line":18,"column":0},"end":{"line":18,"column":0}},"18":{"start":{"line":19,"column":0},"end":{"line":19,"column":25}},"19":{"start":{"line":20,"column":0},"end":{"line":20,"column":21}},"20":{"start":{"line":21,"column":0},"end":{"line":21,"column":84}},"21":{"start":{"line":22,"column":0},"end":{"line":22,"column":4}},"22":{"start":{"line":23,"column":0},"end":{"line":23,"column":22}},"23":{"start":{"line":24,"column":0},"end":{"line":24,"column":86}},"24":{"start":{"line":25,"column":0},"end":{"line":25,"column":27}},"25":{"start":{"line":26,"column":0},"end":{"line":26,"column":5}},"26":{"start":{"line":27,"column":0},"end":{"line":27,"column":0}},"27":{"start":{"line":28,"column":0},"end":{"line":28,"column":40}},"28":{"start":{"line":29,"column":0},"end":{"line":29,"column":32}},"29":{"start":{"line":30,"column":0},"end":{"line":30,"column":32}},"30":{"start":{"line":31,"column":0},"end":{"line":31,"column":3}},"31":{"start":{"line":32,"column":0},"end":{"line":32,"column":3}},"32":{"start":{"line":33,"column":0},"end":{"line":33,"column":0}},"33":{"start":{"line":34,"column":0},"end":{"line":34,"column":25}},"34":{"start":{"line":35,"column":0},"end":{"line":35,"column":25}},"35":{"start":{"line":36,"column":0},"end":{"line":36,"column":0}},"36":{"start":{"line":37,"column":0},"end":{"line":37,"column":20}}},"s":{"0":1,"1":1,"2":1,"3":1,"4":1,"5":1,"6":1,"7":1,"8":1,"9":1,"10":1,"11":1,"12":1,"13":0,"14":1,"15":1,"16":1,"17":1,"18":1,"19":1,"20":18,"21":18,"22":1,"23":12,"24":12,"25":1,"26":1,"27":1,"28":12,"29":12,"30":12,"31":1,"32":1,"33":1,"34":1,"35":1,"36":1},"branchMap":{"0":{"type":"branch","line":8,"loc":{"start":{"line":8,"column":32},"end":{"line":8,"column":49}},"locations":[{"start":{"line":8,"column":32},"end":{"line":8,"column":49}}]},"1":{"type":"branch","line":13,"loc":{"start":{"line":13,"column":29},"end":{"line":15,"column":7}},"locations":[{"start":{"line":13,"column":29},"end":{"line":15,"column":7}}]},"2":{"type":"branch","line":20,"loc":{"start":{"line":20,"column":10},"end":{"line":22,"column":4}},"locations":[{"start":{"line":20,"column":10},"end":{"line":22,"column":4}}]},"3":{"type":"branch","line":21,"loc":{"start":{"line":21,"column":55},"end":{"line":21,"column":83}},"locations":[{"start":{"line":21,"column":55},"end":{"line":21,"column":83}}]},"4":{"type":"branch","line":23,"loc":{"start":{"line":23,"column":11},"end":{"line":26,"column":4}},"locations":[{"start":{"line":23,"column":11},"end":{"line":26,"column":4}}]},"5":{"type":"branch","line":28,"loc":{"start":{"line":28,"column":24},"end":{"line":32,"column":2}},"locations":[{"start":{"line":28,"column":24},"end":{"line":32,"column":2}}]}},"b":{"0":[0],"1":[0],"2":[18],"3":[12],"4":[12],"5":[12]},"fnMap":{},"f":{}}
,"C:\\Users\\ASUS\\Music\\sinergy\\materi\\Chapter8\\[6]Wahyu Rendra Kurniwan\\repositories\\carsRepository.js": {"path":"C:\\Users\\ASUS\\Music\\sinergy\\materi\\Chapter8\\[6]Wahyu Rendra Kurniwan\\repositories\\carsRepository.js","all":false,"statementMap":{"0":{"start":{"line":1,"column":0},"end":{"line":1,"column":38}},"1":{"start":{"line":2,"column":0},"end":{"line":2,"column":39}},"2":{"start":{"line":3,"column":0},"end":{"line":3,"column":24}},"3":{"start":{"line":4,"column":0},"end":{"line":4,"column":0}},"4":{"start":{"line":5,"column":0},"end":{"line":5,"column":21}},"5":{"start":{"line":6,"column":0},"end":{"line":6,"column":69}},"6":{"start":{"line":7,"column":0},"end":{"line":7,"column":27}},"7":{"start":{"line":8,"column":0},"end":{"line":8,"column":30}},"8":{"start":{"line":9,"column":0},"end":{"line":9,"column":46}},"9":{"start":{"line":10,"column":0},"end":{"line":10,"column":11}},"10":{"start":{"line":11,"column":0},"end":{"line":11,"column":16}},"11":{"start":{"line":12,"column":0},"end":{"line":12,"column":12}},"12":{"start":{"line":13,"column":0},"end":{"line":13,"column":12}},"13":{"start":{"line":14,"column":0},"end":{"line":14,"column":16}},"14":{"start":{"line":15,"column":0},"end":{"line":15,"column":7}},"15":{"start":{"line":16,"column":0},"end":{"line":16,"column":26}},"16":{"start":{"line":17,"column":0},"end":{"line":17,"column":3}},"17":{"start":{"line":18,"column":0},"end":{"line":18,"column":0}},"18":{"start":{"line":19,"column":0},"end":{"line":19,"column":25}},"19":{"start":{"line":20,"column":0},"end":{"line":20,"column":42}},"20":{"start":{"line":21,"column":0},"end":{"line":21,"column":14}},"21":{"start":{"line":22,"column":0},"end":{"line":22,"column":20}},"22":{"start":{"line":23,"column":0},"end":{"line":23,"column":24}},"23":{"start":{"line":24,"column":0},"end":{"line":24,"column":10}},"24":{"start":{"line":25,"column":0},"end":{"line":25,"column":8}},"25":{"start":{"line":26,"column":0},"end":{"line":26,"column":7}},"26":{"start":{"line":27,"column":0},"end":{"line":27,"column":21}},"27":{"start":{"line":28,"column":0},"end":{"line":28,"column":3}},"28":{"start":{"line":29,"column":0},"end":{"line":29,"column":0}},"29":{"start":{"line":30,"column":0},"end":{"line":30,"column":32}},"30":{"start":{"line":31,"column":0},"end":{"line":31,"column":39}},"31":{"start":{"line":32,"column":0},"end":{"line":32,"column":14}},"32":{"start":{"line":33,"column":0},"end":{"line":33,"column":15}},"33":{"start":{"line":34,"column":0},"end":{"line":34,"column":20}},"34":{"start":{"line":35,"column":0},"end":{"line":35,"column":24}},"35":{"start":{"line":36,"column":0},"end":{"line":36,"column":10}},"36":{"start":{"line":37,"column":0},"end":{"line":37,"column":8}},"37":{"start":{"line":38,"column":0},"end":{"line":38,"column":7}},"38":{"start":{"line":39,"column":0},"end":{"line":39,"column":26}},"39":{"start":{"line":40,"column":0},"end":{"line":40,"column":18}},"40":{"start":{"line":41,"column":0},"end":{"line":41,"column":3}},"41":{"start":{"line":42,"column":0},"end":{"line":42,"column":0}},"42":{"start":{"line":43,"column":0},"end":{"line":43,"column":43}},"43":{"start":{"line":44,"column":0},"end":{"line":44,"column":27}},"44":{"start":{"line":45,"column":0},"end":{"line":45,"column":40}},"45":{"start":{"line":46,"column":0},"end":{"line":46,"column":7}},"46":{"start":{"line":47,"column":0},"end":{"line":47,"column":40}},"47":{"start":{"line":48,"column":0},"end":{"line":48,"column":26}},"48":{"start":{"line":49,"column":0},"end":{"line":49,"column":8}},"49":{"start":{"line":50,"column":0},"end":{"line":50,"column":23}},"50":{"start":{"line":51,"column":0},"end":{"line":51,"column":6}},"51":{"start":{"line":52,"column":0},"end":{"line":52,"column":21}},"52":{"start":{"line":53,"column":
[...]
line":116,"column":67}},"locations":[{"start":{"line":114,"column":2},"end":{"line":116,"column":67}}]},"113":{"type":"branch","line":116,"loc":{"start":{"line":116,"column":66},"end":{"line":124,"column":10}},"locations":[{"start":{"line":116,"column":66},"end":{"line":124,"column":10}}]},"114":{"type":"branch","line":118,"loc":{"start":{"line":118,"column":27},"end":{"line":124,"column":10}},"locations":[{"start":{"line":118,"column":27},"end":{"line":124,"column":10}}]},"115":{"type":"branch","line":124,"loc":{"start":{"line":124,"column":9},"end":{"line":131,"column":8}},"locations":[{"start":{"line":124,"column":9},"end":{"line":131,"column":8}}]},"116":{"type":"branch","line":131,"loc":{"start":{"line":131,"column":7},"end":{"line":138,"column":8}},"locations":[{"start":{"line":131,"column":7},"end":{"line":138,"column":8}}]},"117":{"type":"branch","line":138,"loc":{"start":{"line":138,"column":7},"end":{"line":138,"column":8}},"locations":[{"start":{"line":138,"column":7},"end":{"line":138,"column":8}}]},"118":{"type":"branch","line":138,"loc":{"start":{"line":138,"column":7},"end":{"line":138,"column":8}},"locations":[{"start":{"line":138,"column":7},"end":{"line":138,"column":8}}]},"119":{"type":"branch","line":141,"loc":{"start":{"line":141,"column":-2},"end":{"line":231,"column":3}},"locations":[{"start":{"line":141,"column":-2},"end":{"line":231,"column":3}}]},"120":{"type":"branch","line":142,"loc":{"start":{"line":142,"column":2},"end":{"line":229,"column":8}},"locations":[{"start":{"line":142,"column":2},"end":{"line":229,"column":8}}]},"121":{"type":"branch","line":142,"loc":{"start":{"line":142,"column":2},"end":{"line":229,"column":8}},"locations":[{"start":{"line":142,"column":2},"end":{"line":229,"column":8}}]},"122":{"type":"branch","line":142,"loc":{"start":{"line":142,"column":2},"end":{"line":229,"column":8}},"locations":[{"start":{"line":142,"column":2},"end":{"line":229,"column":8}}]},"123":{"type":"branch","line":142,"loc":{"start":{"line":142,"column":2},"end":{"line":144,"column":57}},"locations":[{"start":{"line":142,"column":2},"end":{"line":144,"column":57}}]},"124":{"type":"branch","line":144,"loc":{"start":{"line":144,"column":56},"end":{"line":152,"column":10}},"locations":[{"start":{"line":144,"column":56},"end":{"line":152,"column":10}}]},"125":{"type":"branch","line":146,"loc":{"start":{"line":146,"column":17},"end":{"line":152,"column":10}},"locations":[{"start":{"line":146,"column":17},"end":{"line":152,"column":10}}]},"126":{"type":"branch","line":152,"loc":{"start":{"line":152,"column":9},"end":{"line":160,"column":10}},"locations":[{"start":{"line":152,"column":9},"end":{"line":160,"column":10}}]},"127":{"type":"branch","line":154,"loc":{"start":{"line":154,"column":15},"end":{"line":160,"column":10}},"locations":[{"start":{"line":154,"column":15},"end":{"line":160,"column":10}}]},"128":{"type":"branch","line":160,"loc":{"start":{"line":160,"column":9},"end":{"line":169,"column":10}},"locations":[{"start":{"line":160,"column":9},"end":{"line":169,"column":10}}]},"129":{"type":"branch","line":163,"loc":{"start":{"line":163,"column":16},"end":{"line":169,"column":10}},"locations":[{"start":{"line":163,"column":16},"end":{"line":169,"column":10}}]},"130":{"type":"branch","line":169,"loc":{"start":{"line":169,"column":9},"end":{"line":178,"column":10}},"locations":[{"start":{"line":169,"column":9},"end":{"line":178,"column":10}}]},"131":{"type":"branch","line":172,"loc":{"start":{"line":172,"column":20},"end":{"line":178,"column":10}},"locations":[{"start":{"line":172,"column":20},"end":{"line":178,"column":10}}]},"132":{"type":"branch","line":178,"loc":{"start":{"line":178,"column":9},"end":{"line":186,"column":10}},"locations":[{"start":{"line":178,"column":9},"end":{"line":186,"column":10}}]},"133":{"type":"branch","line":180,"loc":{"start":{"line":180,"column":16},"end":{"line":186,"column":10}},"locations":[{"start":{"line":180,"column":16},"end":{"line":186,"column":10}}]},"134":{"type":"branch","line":186,"loc":{"start":{"line":186,"column":9},"end":{"line":207,"column":8}},"locations":[{"start":{"line":186,"column":9},"end":{"line":207,"column":8}}]},"135":{"type":"branch","line":207,"loc":{"start":{"line":207,"column":7},"end":{"line":216,"column":9}},"locations":[{"start":{"line":207,"column":7},"end":{"line":216,"column":9}}]},"136":{"type":"branch","line":216,"loc":{"start":{"line":216,"column":8},"end":{"line":222,"column":8}},"locations":[{"start":{"line":216,"column":8},"end":{"line":222,"column":8}}]},"137":{"type":"branch","line":222,"loc":{"start":{"line":222,"column":7},"end":{"line":229,"column":8}},"locations":[{"start":{"line":222,"column":7},"end":{"line":229,"column":8}}]},"138":{"type":"branch","line":229,"loc":{"start":{"line":229,"column":7},"end":{"line":229,"column":8}},"locations":[{"start":{"line":229,"column":7},"end":{"line":229,"column":8}}]},"139":{"type":"branch","line":229,"loc":{"start":{"line":229,"column":7},"end":{"line":229,"column":8}},"locations":[{"start":{"line":229,"column":7},"end":{"line":229,"column":8}}]},"140":{"type":"branch","line":197,"loc":{"start":{"line":197,"column":8},"end":{"line":206,"column":9}},"locations":[{"start":{"line":197,"column":8},"end":{"line":206,"column":9}}]},"141":{"type":"branch","line":198,"loc":{"start":{"line":198,"column":19},"end":{"line":203,"column":11}},"locations":[{"start":{"line":198,"column":19},"end":{"line":203,"column":11}}]},"142":{"type":"branch","line":232,"loc":{"start":{"line":232,"column":-2},"end":{"line":259,"column":3}},"locations":[{"start":{"line":232,"column":-2},"end":{"line":259,"column":3}}]},"143":{"type":"branch","line":233,"loc":{"start":{"line":233,"column":2},"end":{"line":257,"column":8}},"locations":[{"start":{"line":233,"column":2},"end":{"line":257,"column":8}}]},"144":{"type":"branch","line":233,"loc":{"start":{"line":233,"column":2},"end":{"line":257,"column":8}},"locations":[{"start":{"line":233,"column":2},"end":{"line":257,"column":8}}]},"145":{"type":"branch","line":233,"loc":{"start":{"line":233,"column":2},"end":{"line":257,"column":8}},"locations":[{"start":{"line":233,"column":2},"end":{"line":257,"column":8}}]},"146":{"type":"branch","line":233,"loc":{"start":{"line":233,"column":2},"end":{"line":235,"column":57}},"locations":[{"start":{"line":233,"column":2},"end":{"line":235,"column":57}}]},"147":{"type":"branch","line":235,"loc":{"start":{"line":235,"column":56},"end":{"line":242,"column":10}},"locations":[{"start":{"line":235,"column":56},"end":{"line":242,"column":10}}]},"148":{"type":"branch","line":236,"loc":{"start":{"line":236,"column":17},"end":{"line":242,"column":10}},"locations":[{"start":{"line":236,"column":17},"end":{"line":242,"column":10}}]},"149":{"type":"branch","line":242,"loc":{"start":{"line":242,"column":9},"end":{"line":244,"column":71}},"locations":[{"start":{"line":242,"column":9},"end":{"line":244,"column":71}}]},"150":{"type":"branch","line":244,"loc":{"start":{"line":244,"column":70},"end":{"line":250,"column":8}},"locations":[{"start":{"line":244,"column":70},"end":{"line":250,"column":8}}]},"151":{"type":"branch","line":250,"loc":{"start":{"line":250,"column":7},"end":{"line":257,"column":8}},"locations":[{"start":{"line":250,"column":7},"end":{"line":257,"column":8}}]},"152":{"type":"branch","line":257,"loc":{"start":{"line":257,"column":7},"end":{"line":257,"column":8}},"locations":[{"start":{"line":257,"column":7},"end":{"line":257,"column":8}}]},"153":{"type":"branch","line":257,"loc":{"start":{"line":257,"column":7},"end":{"line":257,"column":8}},"locations":[{"start":{"line":257,"column":7},"end":{"line":257,"column":8}}]}},"b":{"0":[3],"1":[0],"2":[0],"3":[0],"4":[0],"5":[0],"6":[0],"7":[17],"8":[39],"9":[5],"10":[0],"11":[0],"12":[19],"13":[0],"14":[6],"15":[18],"16":[14],"17":[5],"18":[14],"19":[0],"20":[0],"21":[19],"22":[0],"23":[14],"24":[5],"25":[0],"26":[5],"27":[14],"28":[5],"29":[14],"30":[0],"31":[5],"32":[0],"33":[10],"34":[5],"35":[3],"36":[0],"37":[0],"38":[15],"39":[0],"40":[5],"41":[0],"42":[5],"43":[0],"44":[10],"45":[20],"46":[10],"47":[0],"48":[0],"49":[0],"50":[0],"51":[0],"52":[0],"53":[0],"54":[0],"55":[10],"56":[0],"57":[0],"58":[0],"59":[14],"60":[0],"61":[5],"62":[9],"63":[15],"64":[5],"65":[5],"66":[14],"67":[3],"68":[15],"69":[3],"70":[0],"71":[15],"72":[0],"73":[15],"74":[0],"75":[0],"76":[0],"77":[3],"78":[3],"79":[1],"80":[4],"81":[9],"82":[1],"83":[0],"84":[1],"85":[0],"86":[1],"87":[0],"88":[1],"89":[0],"90":[1],"91":[0],"92":[1],"93":[1],"94":[1],"95":[0],"96":[0],"97":[1],"98":[1],"99":[0],"100":[3],"101":[1],"102":[3],"103":[1],"104":[1],"105":[0],"106":[0],"107":[1],"108":[3],"109":[1],"110":[3],"111":[4],"112":[1],"113":[1],"114":[0],"115":[1],"116":[0],"117":[0],"118":[1],"119":[3],"120":[1],"121":[5],"122":[10],"123":[1],"124":[1],"125":[0],"126":[1],"127":[0],"128":[1],"129":[0],"130":[1],"131":[0],"132":[1],"133":[0],"134":[1],"135":[1],"136":[1],"137":[0],"138":[0],"139":[1],"140":[1],"141":[0],"142":[3],"143":[1],"144":[4],"145":[5],"146":[1],"147":[1],"148":[0],"149":[1],"150":[1],"151":[0],"152":[0],"153":[1]},"fnMap":{"0":{"name":"_regeneratorRuntime","decl":{"start":{"line":2,"column":0},"end":{"line":2,"column":6}},"loc":{"start":{"line":2,"column":0},"end":{"line":2,"column":6}},"line":2},"1":{"name":"_regeneratorRuntime","decl":{"start":{"line":2,"column":0},"end":{"line":2,"column":6}},"loc":{"start":{"line":2,"column":0},"end":{"line":2,"column":6}},"line":2},"2":{"name":"defineProperty","decl":{"start":{"line":2,"column":0},"end":{"line":2,"column":6}},"loc":{"start":{"line":2,"column":0},"end":{"line":2,"column":6}},"line":2},"3":{"name":"define","decl":{"start":{"line":2,"column":0},"end":{"line":2,"column":6}},"loc":{"start":{"line":2,"column":0},"end":{"line":2,"column":6}},"line":2},"4":{"name":"define","decl":{"start":{"line":2,"column":0},"end":{"line":2,"column":6}},"loc":{"start":{"line":2,"column":0},"end":{"line":2,"column":6}},"line":2},"5":{"name":"wrap","decl":{"start":{"line":2,"column":0},"end":{"line":2,"column":6}},"loc":{"start":{"line":2,"column":0},"end":{"line":2,"column":6}},"line":2},"6":{"name":"tryCatch","decl":{"start":{"line":2,"column":0},"end":{"line":2,"column":6}},"loc":{"start":{"line":2,"column":0},"end":{"line":2,"column":6}},"line":2},"7":{"name":"Generator","decl":{"start":{"line":2,"column":0},"end":{"line":2,"column":6}},"loc":{"start":{"line":2,"column":0},"end":{"line":2,"column":6}},"line":2},"8":{"name":"GeneratorFunction","decl":{"start":{"line":2,"column":0},"end":{"line":2,"column":6}},"loc":{"start":{"line":2,"column":0},"end":{"line":2,"column":6}},"line":2},"9":{"name":"GeneratorFunctionPrototype","decl":{"start":{"line":2,"column":0},"end":{"line":2,"column":6}},"loc":{"start":{"line":2,"column":0},"end":{"line":2,"column":6}},"line":2},"10":{"name":"defineIteratorMethods","decl":{"start":{"line":2,"column":0},"end":{"line":2,"column":6}},"loc":{"start":{"line":2,"column":0},"end":{"line":2,"column":6}},"line":2},"11":{"name":"AsyncIterator","decl":{"start":{"line":2,"column":0},"end":{"line":2,"column":6}},"loc":{"start":{"line":2,"column":0},"end":{"line":2,"column":6}},"line":2},"12":{"name":"makeInvokeMethod","decl":{"start":{"line":2,"column":0},"end":{"line":2,"column":6}},"loc":{"start":{"line":2,"column":0},"end":{"line":2,"column":6}},"line":2},"13":{"name":"maybeInvokeDelegate","decl":{"start":{"line":2,"column":0},"end":{"line":2,"column":6}},"loc":{"start":{"line":2,"column":0},"end":{"line":2,"column":6}},"line":2},"14":{"name":"pushTryEntry","decl":{"start":{"line":2,"column":0},"end":{"line":2,"column":6}},"loc":{"start":{"line":2,"column":0},"end":{"line":2,"column":6}},"line":2},"15":{"name":"resetTryEntry","decl":{"start":{"line":2,"column":0},"end":{"line":2,"column":6}},"loc":{"start":{"line":2,"column":0},"end":{"line":2,"column":6}},"line":2},"16":{"name":"Context","decl":{"start":{"line":2,"column":0},"end":{"line":2,"column":6}},"loc":{"start":{"line":2,"column":0},"end":{"line":2,"column":6}},"line":2},"17":{"name":"values","decl":{"start":{"line":2,"column":0},"end":{"line":2,"column":6}},"loc":{"start":{"line":2,"column":0},"end":{"line":2,"column":6}},"line":2},"18":{"name":"next","decl":{"start":{"line":2,"column":0},"end":{"line":2,"column":6}},"loc":{"start":{"line":2,"column":0},"end":{"line":2,"column":6}},"line":2},"19":{"name":"doneResult","decl":{"start":{"line":2,"column":0},"end":{"line":2,"column":6}},"loc":{"start":{"line":2,"column":0},"end":{"line":2,"column":6}},"line":2},"20":{"name":"exports.isGeneratorFunction","decl":{"start":{"line":2,"column":0},"end":{"line":2,"column":6}},"loc":{"start":{"line":2,"column":0},"end":{"line":2,"column":6}},"line":2},"21":{"name":"exports.mark","decl":{"start":{"line":2,"column":0},"end":{"line":2,"column":6}},"loc":{"start":{"line":2,"column":0},"end":{"line":2,"column":6}},"line":2},"22":{"name":"exports.awrap","decl":{"start":{"line":2,"column":0},"end":{"line":2,"column":6}},"loc":{"start":{"line":2,"column":0},"end":{"line":2,"column":6}},"line":2},"23":{"name":"exports.async","decl":{"start":{"line":2,"column":0},"end":{"line":2,"column":6}},"loc":{"start":{"line":2,"column":0},"end":{"line":2,"column":6}},"line":2},"24":{"name":"exports.keys","decl":{"start":{"line":2,"column":0},"end":{"line":2,"column":6}},"loc":{"start":{"line":2,"column":0},"end":{"line":2,"column":6}},"line":2},"25":{"name":"reset","decl":{"start":{"line":2,"column":0},"end":{"line":2,"column":6}},"loc":{"start":{"line":2,"column":0},"end":{"line":2,"column":6}},"line":2},"26":{"name":"stop","decl":{"start":{"line":2,"column":0},"end":{"line":2,"column":6}},"loc":{"start":{"line":2,"column":0},"end":{"line":2,"column":6}},"line":2},"27":{"name":"dispatchException","decl":{"start":{"line":2,"column":0},"end":{"line":2,"column":6}},"loc":{"start":{"line":2,"column":0},"end":{"line":2,"column":6}},"line":2},"28":{"name":"abrupt","decl":{"start":{"line":2,"column":0},"end":{"line":2,"column":6}},"loc":{"start":{"line":2,"column":0},"end":{"line":2,"column":6}},"line":2},"29":{"name":"complete","decl":{"start":{"line":2,"column":0},"end":{"line":2,"column":6}},"loc":{"start":{"line":2,"column":0},"end":{"line":2,"column":6}},"line":2},"30":{"name":"finish","decl":{"start":{"line":2,"column":0},"end":{"line":2,"column":6}},"loc":{"start":{"line":2,"column":0},"end":{"line":2,"column":6}},"line":2},"31":{"name":"_catch","decl":{"start":{"line":2,"column":0},"end":{"line":2,"column":6}},"loc":{"start":{"line":2,"column":0},"end":{"line":2,"column":6}},"line":2},"32":{"name":"delegateYield","decl":{"start":{"line":2,"column":0},"end":{"line":2,"column":6}},"loc":{"start":{"line":2,"column":0},"end":{"line":2,"column":6}},"line":2},"33":{"name":"asyncGeneratorStep","decl":{"start":{"line":2,"column":0},"end":{"line":2,"column":6}},"loc":{"start":{"line":2,"column":0},"end":{"line":2,"column":6}},"line":2},"34":{"name":"_asyncToGenerator","decl":{"start":{"line":2,"column":0},"end":{"line":2,"column":6}},"loc":{"start":{"line":2,"column":0},"end":{"line":2,"column":6}},"line":2},"35":{"name":"_next","decl":{"start":{"line":2,"column":0},"end":{"line":2,"column":6}},"loc":{"start":{"line":2,"column":0},"end":{"line":2,"column":6}},"line":2},"36":{"name":"_throw","decl":{"start":{"line":2,"column":0},"end":{"line":2,"column":6}},"loc":{"start":{"line":2,"column":0},"end":{"line":2,"column":6}},"line":2},"37":{"name":"_classCallCheck","decl":{"start":{"line":2,"column":0},"end":{"line":2,"column":6}},"loc":{"start":{"line":2,"column":0},"end":{"line":2,"column":6}},"line":2},"38":{"name":"_defineProperties","decl":{"start":{"line":2,"column":0},"end":{"line":2,"column":6}},"loc":{"start":{"line":2,"column":0},"end":{"line":2,"column":6}},"line":2},"39":{"name":"_createClass","decl":{"start":{"line":2,"column":0},"end":{"line":2,"column":6}},"loc":{"start":{"line":2,"column":0},"end":{"line":2,"column":6}},"line":2},"40":{"name":"_toPropertyKey","decl":{"start":{"line":2,"column":0},"end":{"line":2,"column":6}},"loc":{"start":{"line":2,"column":0},"end":{"line":2,"column":6}},"line":2},"41":{"name":"_toPrimitive","decl":{"start":{"line":2,"column":0},"end":{"line":2,"column":6}},"loc":{"start":{"line":2,"column":0},"end":{"line":2,"column":6}},"line":2},"42":{"name":"carService","decl":{"start":{"line":5,"column":16},"end":{"line":5,"column":18}},"loc":{"start":{"line":5,"column":16},"end":{"line":5,"column":18}},"line":5},"43":{"name":"_callee","decl":{"start":{"line":6,"column":2},"end":{"line":91,"column":8}},"loc":{"start":{"line":6,"column":2},"end":{"line":91,"column":8}},"line":6},"44":{"name":"_callee$","decl":{"start":{"line":6,"column":2},"end":{"line":91,"column":8}},"loc":{"start":{"line":6,"column":2},"end":{"line":91,"column":8}},"line":6},"45":{"name":"_callee2","decl":{"start":{"line":95,"column":2},"end":{"line":110,"column":8}},"loc":{"start":{"line":95,"column":2},"end":{"line":110,"column":8}},"line":95},"46":{"name":"_callee2$","decl":{"start":{"line":95,"column":2},"end":{"line":110,"column":8}},"loc":{"start":{"line":95,"column":2},"end":{"line":110,"column":8}},"line":95},"47":{"name":"_callee3","decl":{"start":{"line":114,"column":2},"end":{"line":138,"column":8}},"loc":{"start":{"line":114,"column":2},"end":{"line":138,"column":8}},"line":114},"48":{"name":"_callee3$","decl":{"start":{"line":114,"column":2},"end":{"line":138,"column":8}},"loc":{"start":{"line":114,"column":2},"end":{"line":138,"column":8}},"line":114},"49":{"name":"_callee4","decl":{"start":{"line":142,"column":2},"end":{"line":229,"column":8}},"loc":{"start":{"line":142,"column":2},"end":{"line":229,"column":8}},"line":142},"50":{"name":"_callee4$","decl":{"start":{"line":142,"column":2},"end":{"line":229,"column":8}},"loc":{"start":{"line":142,"column":2},"end":{"line":229,"column":8}},"line":142},"51":{"name":"_callee5","decl":{"start":{"line":233,"column":2},"end":{"line":257,"column":8}},"loc":{"start":{"line":233,"column":2},"end":{"line":257,"column":8}},"line":233},"52":{"name":"_callee5$","decl":{"start":{"line":233,"column":2},"end":{"line":257,"column":8}},"loc":{"start":{"line":233,"column":2},"end":{"line":257,"column":8}},"line":233}},"f":{"0":3,"1":17,"2":0,"3":39,"4":0,"5":5,"6":19,"7":0,"8":0,"9":0,"10":6,"11":0,"12":5,"13":0,"14":5,"15":10,"16":5,"17":3,"18":0,"19":0,"20":0,"21":15,"22":0,"23":0,"24":0,"25":5,"26":5,"27":0,"28":10,"29":10,"30":0,"31":0,"32":0,"33":14,"34":15,"35":14,"36":0,"37":0,"38":3,"39":3,"40":15,"41":15,"42":0,"43":1,"44":4,"45":1,"46":3,"47":1,"48":3,"49":1,"50":5,"51":1,"52":4}}
,"C:\\Users\\ASUS\\Music\\sinergy\\materi\\Chapter8\\[6]Wahyu Rendra Kurniwan\\utils\\swaggerOptions.js": {"path":"C:\\Users\\ASUS\\Music\\sinergy\\materi\\Chapter8\\[6]Wahyu Rendra Kurniwan\\utils\\swaggerOptions.js","all":false,"statementMap":{"0":{"start":{"line":1,"column":0},"end":{"line":1,"column":18}},"1":{"start":{"line":2,"column":0},"end":{"line":2,"column":17}},"2":{"start":{"line":3,"column":0},"end":{"line":3,"column":25}},"3":{"start":{"line":4,"column":0},"end":{"line":4,"column":15}},"4":{"start":{"line":5,"column":0},"end":{"line":5,"column":38}},"5":{"start":{"line":6,"column":0},"end":{"line":6,"column":58}},"6":{"start":{"line":7,"column":0},"end":{"line":7,"column":28}},"7":{"start":{"line":8,"column":0},"end":{"line":8,"column":10}},"8":{"start":{"line":9,"column":0},"end":{"line":9,"column":23}},"9":{"start":{"line":10,"column":0},"end":{"line":10,"column":49}},"10":{"start":{"line":11,"column":0},"end":{"line":11,"column":52}},"11":{"start":{"line":12,"column":0},"end":{"line":12,"column":9}},"12":{"start":{"line":13,"column":0},"end":{"line":13,"column":6}},"13":{"start":{"line":14,"column":0},"end":{"line":14,"column":33}},"14":{"start":{"line":15,"column":0},"end":{"line":15,"column":1}}},"s":{"0":1,"1":1,"2":1,"3":1,"4":1,"5":1,"6":1,"7":1,"8":1,"9":1,"10":1,"11":1,"12":1,"13":1,"14":1},"branchMap":{},"b":{},"fnMap":{},"f":{}}
}
