TN:
SF:index.js
FNF:0
FNH:0
DA:1,1
DA:2,1
DA:3,1
DA:4,1
DA:5,1
DA:6,1
DA:7,1
DA:8,1
DA:9,1
DA:10,1
DA:11,1
DA:12,1
DA:13,1
DA:14,1
DA:15,1
DA:16,1
DA:17,1
DA:18,1
DA:19,1
DA:20,1
DA:21,1
DA:22,1
DA:23,1
DA:24,1
DA:25,1
DA:26,1
DA:27,1
DA:28,1
DA:29,1
DA:30,1
DA:31,1
DA:32,1
DA:33,1
DA:34,1
DA:35,1
DA:36,1
DA:37,1
DA:38,1
DA:39,1
DA:40,1
DA:41,1
DA:42,1
DA:43,1
DA:44,1
DA:45,1
DA:46,1
DA:47,1
DA:48,1
DA:49,1
DA:50,1
DA:51,1
DA:52,1
DA:53,1
DA:54,1
DA:55,1
DA:56,1
DA:57,1
DA:58,1
DA:59,1
DA:60,1
DA:61,1
DA:62,1
DA:63,1
DA:64,1
DA:65,1
DA:66,1
DA:67,1
DA:68,1
DA:69,1
DA:70,1
DA:71,1
DA:72,1
DA:73,0
DA:74,1
DA:75,1
DA:76,1
LF:76
LH:75
BRF:0
BRH:0
end_of_record
TN:
SF:config\cloudinary.js
FNF:0
FNH:0
DA:1,1
DA:2,1
DA:3,1
DA:4,1
DA:5,1
DA:6,1
DA:7,1
DA:8,1
DA:9,1
DA:10,1
LF:10
LH:10
BRF:0
BRH:0
end_of_record
TN:
SF:config\config.js
FNF:0
FNH:0
DA:1,1
DA:2,1
DA:3,1
DA:4,1
DA:5,1
DA:6,1
DA:7,1
DA:8,1
DA:9,1
DA:10,1
DA:11,1
DA:12,1
DA:13,1
DA:14,1
DA:15,1
DA:16,1
DA:17,1
DA:18,1
DA:19,1
DA:20,1
DA:21,1
DA:22,1
DA:23,1
DA:24,1
DA:25,1
DA:26,1
DA:27,1
DA:28,1
DA:29,1
LF:29
LH:29
BRF:0
BRH:0
end_of_record
TN:
SF:controllers\authController.js
FN:3,_callee
FN:3,_callee$
FN:20,_callee2
FN:20,_callee2$
FN:35,_callee3
FN:35,_callee3$
FN:51,_callee4
FN:51,_callee4$
FN:61,currentUser
FN:63,_callee5
FNF:10
FNH:9
FNDA:1,_callee
FNDA:2,_callee$
FNDA:1,_callee2
FNDA:2,_callee2$
FNDA:1,_callee3
FNDA:2,_callee3$
FNDA:1,_callee4
FNDA:1,_callee4$
FNDA:1,currentUser
FNDA:0,_callee5
DA:1,1
DA:2,1
DA:3,1
DA:4,1
DA:5,1
DA:6,1
DA:7,1
DA:8,1
DA:9,1
DA:10,1
DA:11,1
DA:12,1
DA:13,1
DA:14,1
DA:15,1
DA:16,1
DA:17,1
DA:18,1
DA:19,1
DA:20,1
DA:21,1
DA:22,1
DA:23,1
DA:24,1
DA:25,1
DA:26,1
DA:27,1
DA:28,1
DA:29,1
DA:30,1
DA:31,1
DA:32,1
DA:33,1
DA:34,1
DA:35,1
DA:36,1
DA:37,1
DA:38,1
DA:39,1
DA:40,1
DA:41,1
DA:42,1
DA:43,1
DA:44,1
DA:45,1
DA:46,1
DA:47,1
DA:48,1
DA:49,1
DA:50,1
DA:51,1
DA:52,1
DA:53,1
DA:54,1
DA:55,1
DA:56,1
DA:57,1
DA:58,1
DA:59,1
DA:60,1
DA:61,2
DA:62,1
DA:63,1
DA:64,0
DA:65,0
DA:66,0
DA:67,0
DA:68,0
DA:69,0
DA:70,0
DA:71,0
DA:72,0
DA:73,0
DA:74,0
DA:75,1
DA:76,1
DA:77,1
DA:78,1
DA:79,1
DA:80,1
DA:81,1
DA:82,1
DA:83,1
LF:83
LH:72
BRDA:3,0,0,2
BRDA:3,1,0,1
BRDA:3,2,0,2
BRDA:3,3,0,1
BRDA:11,4,0,1
BRDA:20,5,0,2
BRDA:20,6,0,1
BRDA:20,7,0,2
BRDA:20,8,0,1
BRDA:26,9,0,1
BRDA:35,10,0,2
BRDA:35,11,0,1
BRDA:35,12,0,2
BRDA:35,13,0,1
BRDA:42,14,0,1
BRDA:51,15,0,2
BRDA:51,16,0,1
BRDA:51,17,0,1
BRDA:61,18,0,1
BRDA:63,19,0,2
BRF:20
BRH:20
end_of_record
TN:
SF:controllers\carController.js
FN:3,_callee
FN:3,_callee$
FN:22,_callee2
FN:22,_callee2$
FN:31,_callee3
FN:31,_callee3$
FN:41,_callee4
FN:41,_callee4$
FN:59,_callee5
FN:59,_callee5$
FNF:10
FNH:10
FNDA:1,_callee
FNDA:2,_callee$
FNDA:1,_callee2
FNDA:2,_callee2$
FNDA:1,_callee3
FNDA:2,_callee3$
FNDA:1,_callee4
FNDA:2,_callee4$
FNDA:1,_callee5
FNDA:2,_callee5$
DA:1,1
DA:2,1
DA:3,1
DA:4,1
DA:5,1
DA:6,1
DA:7,1
DA:8,1
DA:9,1
DA:10,1
DA:11,1
DA:12,1
DA:13,1
DA:14,1
DA:15,1
DA:16,1
DA:17,1
DA:18,1
DA:19,1
DA:20,1
DA:21,1
DA:22,1
DA:23,1
DA:24,1
DA:25,1
DA:26,1
DA:27,1
DA:28,1
DA:29,1
DA:30,1
DA:31,1
DA:32,1
DA:33,1
DA:34,1
DA:35,1
DA:36,1
DA:37,1
DA:38,1
DA:39,1
DA:40,1
DA:41,1
DA:42,1
DA:43,1
DA:44,1
DA:45,1
DA:46,1
DA:47,1
DA:48,1
DA:49,1
DA:50,1
DA:51,1
DA:52,1
DA:53,1
DA:54,1
DA:55,1
DA:56,1
DA:57,1
DA:58,1
DA:59,1
DA:60,1
DA:61,1
DA:62,1
DA:63,1
DA:64,1
DA:65,1
DA:66,1
DA:67,1
DA:68,1
DA:69,1
DA:70,1
DA:71,1
DA:72,1
LF:72
LH:72
BRDA:3,0,0,2
BRDA:3,1,0,1
BRDA:3,2,0,2
BRDA:3,3,0,1
BRDA:13,4,0,1
BRDA:22,5,0,2
BRDA:22,6,0,1
BRDA:22,7,0,2
BRDA:22,8,0,1
BRDA:23,9,0,1
BRDA:31,10,0,2
BRDA:31,11,0,1
BRDA:31,12,0,2
BRDA:31,13,0,1
BRDA:33,14,0,1
BRDA:41,15,0,2
BRDA:41,16,0,1
BRDA:41,17,0,2
BRDA:41,18,0,1
BRDA:51,19,0,1
BRDA:59,20,0,2
BRDA:59,21,0,1
BRDA:59,22,0,2
BRDA:59,23,0,1
BRDA:64,24,0,1
BRF:25
BRH:25
end_of_record
TN:
SF:helpers\fileUploadCloudinary.js
FNF:0
FNH:0
DA:1,1
DA:2,1
DA:3,1
DA:4,1
DA:5,1
LF:5
LH:5
BRF:0
BRH:0
end_of_record
TN:
SF:lib\const.js
FNF:0
FNH:0
DA:1,1
DA:2,1
DA:3,1
DA:4,1
DA:5,1
DA:6,1
DA:7,1
DA:8,1
DA:9,1
DA:10,1
DA:11,1
LF:11
LH:11
BRF:0
BRH:0
end_of_record
TN:
SF:middlewares\auth.js
FN:2,_regeneratorRuntime
FN:2,_regeneratorRuntime
FN:2,defineProperty
FN:2,define
FN:2,define
FN:2,wrap
FN:2,tryCatch
FN:2,Generator
FN:2,GeneratorFunction
FN:2,GeneratorFunctionPrototype
FN:2,defineIteratorMethods
FN:2,AsyncIterator
FN:2,makeInvokeMethod
FN:2,maybeInvokeDelegate
FN:2,pushTryEntry
FN:2,resetTryEntry
FN:2,Context
FN:2,values
FN:2,next
FN:2,doneResult
FN:2,exports.isGeneratorFunction
FN:2,exports.mark
FN:2,exports.awrap
FN:2,exports.async
FN:2,exports.keys
FN:2,reset
FN:2,stop
FN:2,dispatchException
FN:2,abrupt
FN:2,complete
FN:2,finish
FN:2,_catch
FN:2,delegateYield
FN:2,asyncGeneratorStep
FN:2,_asyncToGenerator
FN:2,_next
FN:2,_throw
FN:6,_callee
FN:6,_callee$
FN:37,_callee2
FN:37,_callee2$
FN:49,_callee3
FN:49,_callee3$
FNF:43
FNH:25
FNDA:2,_regeneratorRuntime
FNDA:13,_regeneratorRuntime
FNDA:0,defineProperty
FNDA:26,define
FNDA:0,define
FNDA:9,wrap
FNDA:23,tryCatch
FNDA:0,Generator
FNDA:0,GeneratorFunction
FNDA:0,GeneratorFunctionPrototype
FNDA:4,defineIteratorMethods
FNDA:0,AsyncIterator
FNDA:9,makeInvokeMethod
FNDA:0,maybeInvokeDelegate
FNDA:5,pushTryEntry
FNDA:14,resetTryEntry
FNDA:9,Context
FNDA:2,values
FNDA:0,next
FNDA:0,doneResult
FNDA:0,exports.isGeneratorFunction
FNDA:6,exports.mark
FNDA:0,exports.awrap
FNDA:0,exports.async
FNDA:0,exports.keys
FNDA:9,reset
FNDA:9,stop
FNDA:0,dispatchException
FNDA:18,abrupt
FNDA:18,complete
FNDA:0,finish
FNDA:0,_catch
FNDA:0,delegateYield
FNDA:14,asyncGeneratorStep
FNDA:6,_asyncToGenerator
FNDA:14,_next
FNDA:0,_throw
FNDA:5,_callee
FNDA:15,_callee$
FNDA:3,_callee2
FNDA:6,_callee2$
FNDA:1,_callee3
FNDA:2,_callee3$
DA:1,1
DA:2,1
DA:3,1
DA:4,1
DA:5,1
DA:6,1
DA:7,5
DA:8,5
DA:9,5
DA:10,5
DA:11,5
DA:12,0
DA:13,0
DA:14,0
DA:15,0
DA:16,0
DA:17,0
DA:18,5
DA:19,5
DA:20,5
DA:21,5
DA:22,5
DA:23,5
DA:24,5
DA:25,5
DA:26,0
DA:27,0
DA:28,0
DA:29,0
DA:30,0
DA:31,0
DA:32,0
DA:33,0
DA:34,1
DA:35,1
DA:36,1
DA:37,1
DA:38,3
DA:39,3
DA:40,3
DA:41,0
DA:42,0
DA:43,0
DA:44,0
DA:45,0
DA:46,0
DA:47,1
DA:48,1
DA:49,1
DA:50,1
DA:51,1
DA:52,1
DA:53,0
DA:54,0
DA:55,0
DA:56,0
DA:57,0
DA:58,0
DA:59,1
DA:60,1
DA:61,1
LF:61
LH:35
BRDA:2,0,0,2
BRDA:2,1,0,0
BRDA:2,2,0,0
BRDA:2,3,0,0
BRDA:2,4,0,0
BRDA:2,5,0,0
BRDA:2,6,0,0
BRDA:2,7,0,13
BRDA:2,8,0,26
BRDA:2,9,0,9
BRDA:2,10,0,0
BRDA:2,11,0,4
BRDA:2,12,0,23
BRDA:2,13,0,0
BRDA:2,14,0,4
BRDA:2,15,0,12
BRDA:2,16,0,14
BRDA:2,17,0,9
BRDA:2,18,0,14
BRDA:2,19,0,0
BRDA:2,20,0,0
BRDA:2,21,0,23
BRDA:2,22,0,0
BRDA:2,23,0,14
BRDA:2,24,0,9
BRDA:2,25,0,0
BRDA:2,26,0,9
BRDA:2,27,0,14
BRDA:2,28,0,9
BRDA:2,29,0,14
BRDA:2,30,0,0
BRDA:2,31,0,5
BRDA:2,32,0,0
BRDA:2,33,0,14
BRDA:2,34,0,9
BRDA:2,35,0,2
BRDA:2,36,0,0
BRDA:2,37,0,0
BRDA:2,38,0,6
BRDA:2,39,0,0
BRDA:2,40,0,9
BRDA:2,41,0,0
BRDA:2,42,0,9
BRDA:2,43,0,0
BRDA:2,44,0,18
BRDA:2,45,0,28
BRDA:2,46,0,10
BRDA:2,47,0,0
BRDA:2,48,0,0
BRDA:2,49,0,0
BRDA:2,50,0,0
BRDA:2,51,0,0
BRDA:2,52,0,0
BRDA:2,53,0,0
BRDA:2,54,0,0
BRDA:2,55,0,18
BRDA:2,56,0,0
BRDA:2,57,0,0
BRDA:2,58,0,0
BRDA:2,59,0,14
BRDA:2,60,0,0
BRDA:2,61,0,9
BRDA:2,62,0,5
BRDA:2,63,0,6
BRDA:2,64,0,9
BRDA:2,65,0,9
BRDA:2,66,0,14
BRDA:6,67,0,2
BRDA:6,68,0,5
BRDA:6,69,0,15
BRDA:6,70,0,20
BRDA:6,71,0,5
BRDA:10,72,0,0
BRDA:12,73,0,0
BRDA:17,74,0,5
BRDA:21,75,0,5
BRDA:26,76,0,0
BRDA:33,77,0,0
BRDA:33,78,0,5
BRDA:37,79,0,2
BRDA:37,80,0,3
BRDA:37,81,0,6
BRDA:37,82,0,3
BRDA:40,83,0,0
BRDA:40,84,0,0
BRDA:46,85,0,0
BRDA:46,86,0,3
BRDA:49,87,0,2
BRDA:49,88,0,1
BRDA:49,89,0,2
BRDA:49,90,0,1
BRDA:52,91,0,0
BRDA:52,92,0,0
BRDA:58,93,0,0
BRDA:58,94,0,1
BRF:95
BRH:54
end_of_record
TN:
SF:models\Cars.js
FN:5,Object.<anonymous>.module.exports
FN:6,Cars
FN:13,associate
FNF:3
FNH:3
FNDA:6,Object.<anonymous>.module.exports
FNDA:19,Cars
FNDA:6,associate
DA:1,1
DA:2,1
DA:3,1
DA:4,1
DA:5,1
DA:6,6
DA:7,6
DA:8,6
DA:9,6
DA:10,6
DA:11,6
DA:12,6
DA:13,6
DA:14,6
DA:15,6
DA:16,6
DA:17,6
DA:18,6
DA:19,6
DA:20,6
DA:21,6
DA:22,6
DA:23,6
DA:24,6
DA:25,6
DA:26,6
DA:27,6
DA:28,6
DA:29,6
DA:30,6
DA:31,6
DA:32,6
LF:32
LH:32
BRDA:5,0,0,6
BRDA:6,1,0,6
BRDA:6,2,0,19
BRDA:13,3,0,6
BRF:4
BRH:4
end_of_record
TN:
SF:models\Users.js
FN:5,Object.<anonymous>.module.exports
FN:6,Users
FN:13,associate
FNF:3
FNH:3
FNDA:6,Object.<anonymous>.module.exports
FNDA:23,Users
FNDA:6,associate
DA:1,1
DA:2,1
DA:3,1
DA:4,1
DA:5,1
DA:6,6
DA:7,6
DA:8,6
DA:9,6
DA:10,6
DA:11,6
DA:12,6
DA:13,6
DA:14,6
DA:15,6
DA:16,6
DA:17,6
DA:18,6
DA:19,6
DA:20,6
DA:21,6
DA:22,6
DA:23,6
DA:24,6
DA:25,6
DA:26,6
DA:27,6
LF:27
LH:27
BRDA:5,0,0,6
BRDA:6,1,0,6
BRDA:6,2,0,23
BRDA:13,3,0,6
BRF:4
BRH:4
end_of_record
TN:
SF:models\index.js
FNF:0
FNH:0
DA:1,1
DA:2,1
DA:3,1
DA:4,1
DA:5,1
DA:6,1
DA:7,1
DA:8,1
DA:9,1
DA:10,1
DA:11,1
DA:12,1
DA:13,1
DA:14,1
DA:15,0
DA:16,1
DA:17,1
DA:18,1
DA:19,1
DA:20,1
DA:21,1
DA:22,18
DA:23,18
DA:24,1
DA:25,12
DA:26,12
DA:27,1
DA:28,1
DA:29,1
DA:30,12
DA:31,12
DA:32,12
DA:33,1
DA:34,1
DA:35,1
DA:36,1
DA:37,1
DA:38,1
LF:38
LH:37
BRDA:9,0,0,0
BRDA:14,1,0,0
BRDA:21,2,0,18
BRDA:22,3,0,12
BRDA:24,4,0,12
BRDA:29,5,0,12
BRF:6
BRH:4
end_of_record
TN:
SF:repositories\carsRepository.js
FN:2,_regeneratorRuntime
FN:2,_regeneratorRuntime
FN:2,defineProperty
FN:2,define
FN:2,define
FN:2,wrap
FN:2,tryCatch
FN:2,Generator
FN:2,GeneratorFunction
FN:2,GeneratorFunctionPrototype
FN:2,defineIteratorMethods
FN:2,AsyncIterator
FN:2,makeInvokeMethod
FN:2,maybeInvokeDelegate
FN:2,pushTryEntry
FN:2,resetTryEntry
FN:2,Context
FN:2,values
FN:2,next
FN:2,doneResult
FN:2,exports.isGeneratorFunction
FN:2,exports.mark
FN:2,exports.awrap
FN:2,exports.async
FN:2,exports.keys
FN:2,reset
FN:2,stop
FN:2,dispatchException
FN:2,abrupt
FN:2,complete
FN:2,finish
FN:2,_catch
FN:2,delegateYield
FN:2,asyncGeneratorStep
FN:2,_asyncToGenerator
FN:2,_next
FN:2,_throw
FN:2,_classCallCheck
FN:2,_defineProperties
FN:2,_createClass
FN:2,_toPropertyKey
FN:2,_toPrimitive
FN:5,carRepository
FN:6,_callee
FN:6,_callee$
FN:19,_callee2
FN:19,_callee2$
FN:30,_callee3
FN:30,_callee3$
FN:43,_callee4
FN:43,_callee4$
FN:55,_callee5
FN:55,_callee5$
FN:69,_callee6
FN:69,_callee6$
FNF:55
FNH:34
FNDA:4,_regeneratorRuntime
FNDA:51,_regeneratorRuntime
FNDA:0,defineProperty
FNDA:52,define
FNDA:0,define
FNDA:31,wrap
FNDA:82,tryCatch
FNDA:0,Generator
FNDA:0,GeneratorFunction
FNDA:0,GeneratorFunctionPrototype
FNDA:8,defineIteratorMethods
FNDA:0,AsyncIterator
FNDA:31,makeInvokeMethod
FNDA:0,maybeInvokeDelegate
FNDA:0,pushTryEntry
FNDA:31,resetTryEntry
FNDA:31,Context
FNDA:4,values
FNDA:0,next
FNDA:0,doneResult
FNDA:0,exports.isGeneratorFunction
FNDA:24,exports.mark
FNDA:0,exports.awrap
FNDA:0,exports.async
FNDA:0,exports.keys
FNDA:31,reset
FNDA:31,stop
FNDA:0,dispatchException
FNDA:62,abrupt
FNDA:62,complete
FNDA:0,finish
FNDA:0,_catch
FNDA:0,delegateYield
FNDA:51,asyncGeneratorStep
FNDA:24,_asyncToGenerator
FNDA:51,_next
FNDA:0,_throw
FNDA:0,_classCallCheck
FNDA:4,_defineProperties
FNDA:4,_createClass
FNDA:30,_toPropertyKey
FNDA:30,_toPrimitive
FNDA:0,carRepository
FNDA:10,_callee
FNDA:30,_callee$
FNDA:2,_callee2
FNDA:6,_callee2$
FNDA:4,_callee3
FNDA:12,_callee3$
FNDA:2,_callee4
FNDA:6,_callee4$
FNDA:2,_callee5
FNDA:6,_callee5$
FNDA:11,_callee6
FNDA:22,_callee6$
DA:1,1
DA:2,1
DA:3,1
DA:4,1
DA:5,1
DA:6,4
DA:7,10
DA:8,10
DA:9,10
DA:10,10
DA:11,10
DA:12,10
DA:13,10
DA:14,10
DA:15,10
DA:16,10
DA:17,4
DA:18,4
DA:19,4
DA:20,2
DA:21,2
DA:22,2
DA:23,2
DA:24,2
DA:25,2
DA:26,2
DA:27,2
DA:28,4
DA:29,4
DA:30,4
DA:31,4
DA:32,4
DA:33,4
DA:34,4
DA:35,4
DA:36,4
DA:37,4
DA:38,4
DA:39,4
DA:40,4
DA:41,4
DA:42,4
DA:43,4
DA:44,2
DA:45,2
DA:46,2
DA:47,2
DA:48,2
DA:49,2
DA:50,2
DA:51,2
DA:52,2
DA:53,4
DA:54,4
DA:55,4
DA:56,2
DA:57,2
DA:58,2
DA:59,2
DA:60,2
DA:61,2
DA:62,2
DA:63,2
DA:64,2
DA:65,2
DA:66,2
DA:67,4
DA:68,4
DA:69,4
DA:70,11
DA:71,11
DA:72,11
DA:73,11
DA:74,11
DA:75,11
DA:76,11
DA:77,4
DA:78,1
DA:79,1
DA:80,1
LF:80
LH:80
BRDA:2,0,0,4
BRDA:2,1,0,0
BRDA:2,2,0,0
BRDA:2,3,0,0
BRDA:2,4,0,0
BRDA:2,5,0,0
BRDA:2,6,0,0
BRDA:2,7,0,51
BRDA:2,8,0,52
BRDA:2,9,0,31
BRDA:2,10,0,0
BRDA:2,11,0,82
BRDA:2,12,0,0
BRDA:2,13,0,8
BRDA:2,14,0,24
BRDA:2,15,0,51
BRDA:2,16,0,31
BRDA:2,17,0,51
BRDA:2,18,0,0
BRDA:2,19,0,0
BRDA:2,20,0,82
BRDA:2,21,0,0
BRDA:2,22,0,51
BRDA:2,23,0,31
BRDA:2,24,0,0
BRDA:2,25,0,31
BRDA:2,26,0,51
BRDA:2,27,0,31
BRDA:2,28,0,51
BRDA:2,29,0,0
BRDA:2,30,0,31
BRDA:2,31,0,31
BRDA:2,32,0,4
BRDA:2,33,0,0
BRDA:2,34,0,0
BRDA:2,35,0,24
BRDA:2,36,0,0
BRDA:2,37,0,31
BRDA:2,38,0,0
BRDA:2,39,0,31
BRDA:2,40,0,0
BRDA:2,41,0,62
BRDA:2,42,0,0
BRDA:2,43,0,0
BRDA:2,44,0,0
BRDA:2,45,0,0
BRDA:2,46,0,0
BRDA:2,47,0,0
BRDA:2,48,0,0
BRDA:2,49,0,0
BRDA:2,50,0,0
BRDA:2,51,0,62
BRDA:2,52,0,0
BRDA:2,53,0,0
BRDA:2,54,0,0
BRDA:2,55,0,51
BRDA:2,56,0,0
BRDA:2,57,0,31
BRDA:2,58,0,20
BRDA:2,59,0,24
BRDA:2,60,0,31
BRDA:2,61,0,31
BRDA:2,62,0,51
BRDA:2,63,0,4
BRDA:2,64,0,24
BRDA:2,65,0,4
BRDA:2,66,0,0
BRDA:2,67,0,30
BRDA:2,68,0,6
BRDA:2,69,0,24
BRDA:2,70,0,30
BRDA:2,71,0,0
BRDA:2,72,0,0
BRDA:2,73,0,0
BRDA:5,74,0,4
BRDA:5,75,0,4
BRDA:6,76,0,10
BRDA:6,77,0,30
BRDA:6,78,0,10
BRDA:15,79,0,10
BRDA:16,80,0,0
BRDA:16,81,0,10
BRDA:18,82,0,4
BRDA:19,83,0,2
BRDA:19,84,0,6
BRDA:19,85,0,2
BRDA:26,86,0,2
BRDA:27,87,0,0
BRDA:27,88,0,2
BRDA:29,89,0,4
BRDA:30,90,0,4
BRDA:30,91,0,12
BRDA:30,92,0,4
BRDA:38,93,0,4
BRDA:40,94,0,0
BRDA:40,95,0,4
BRDA:42,96,0,4
BRDA:43,97,0,2
BRDA:43,98,0,6
BRDA:43,99,0,2
BRDA:51,100,0,2
BRDA:52,101,0,0
BRDA:52,102,0,2
BRDA:54,103,0,4
BRDA:55,104,0,2
BRDA:55,105,0,6
BRDA:55,106,0,2
BRDA:65,107,0,2
BRDA:66,108,0,0
BRDA:66,109,0,2
BRDA:68,110,0,4
BRDA:69,111,0,11
BRDA:69,112,0,22
BRDA:69,113,0,11
BRDA:76,114,0,0
BRDA:76,115,0,11
BRF:116
BRH:75
end_of_record
TN:
SF:repositories\usersRepository.js
FN:3,UsersRepository
FN:4,_callee
FN:4,_callee$
FN:10,_callee2
FN:10,_callee2$
FN:21,_callee3
FN:21,_callee3$
FNF:7
FNH:6
FNDA:0,UsersRepository
FNDA:14,_callee
FNDA:42,_callee$
FNDA:11,_callee2
FNDA:22,_callee2$
FNDA:11,_callee3
FNDA:22,_callee3$
DA:1,1
DA:2,1
DA:3,1
DA:4,4
DA:5,14
DA:6,14
DA:7,14
DA:8,4
DA:9,4
DA:10,4
DA:11,11
DA:12,11
DA:13,11
DA:14,11
DA:15,11
DA:16,11
DA:17,11
DA:18,11
DA:19,4
DA:20,4
DA:21,4
DA:22,11
DA:23,11
DA:24,11
DA:25,11
DA:26,11
DA:27,11
DA:28,11
DA:29,4
DA:30,1
DA:31,1
DA:32,1
LF:32
LH:32
BRDA:3,0,0,4
BRDA:3,1,0,4
BRDA:4,2,0,14
BRDA:4,3,0,42
BRDA:4,4,0,14
BRDA:5,5,0,14
BRDA:7,6,0,0
BRDA:7,7,0,14
BRDA:9,8,0,4
BRDA:10,9,0,11
BRDA:10,10,0,22
BRDA:10,11,0,11
BRDA:18,12,0,0
BRDA:18,13,0,11
BRDA:20,14,0,4
BRDA:21,15,0,11
BRDA:21,16,0,22
BRDA:21,17,0,11
BRDA:28,18,0,0
BRDA:28,19,0,11
BRF:20
BRH:17
end_of_record
TN:
SF:services\authService.js
FN:2,_regeneratorRuntime
FN:2,_regeneratorRuntime
FN:2,defineProperty
FN:2,define
FN:2,define
FN:2,wrap
FN:2,tryCatch
FN:2,Generator
FN:2,GeneratorFunction
FN:2,GeneratorFunctionPrototype
FN:2,defineIteratorMethods
FN:2,AsyncIterator
FN:2,makeInvokeMethod
FN:2,maybeInvokeDelegate
FN:2,pushTryEntry
FN:2,resetTryEntry
FN:2,Context
FN:2,values
FN:2,next
FN:2,doneResult
FN:2,exports.isGeneratorFunction
FN:2,exports.mark
FN:2,exports.awrap
FN:2,exports.async
FN:2,exports.keys
FN:2,reset
FN:2,stop
FN:2,dispatchException
FN:2,abrupt
FN:2,complete
FN:2,finish
FN:2,_catch
FN:2,delegateYield
FN:2,asyncGeneratorStep
FN:2,_asyncToGenerator
FN:2,_next
FN:2,_throw
FN:2,_classCallCheck
FN:2,_defineProperties
FN:2,_createClass
FN:2,_toPropertyKey
FN:2,_toPrimitive
FN:8,AuthService
FN:9,_callee
FN:9,_callee$
FN:88,_callee2
FN:88,_callee2$
FN:180,_callee3
FN:180,_callee3$
FN:257,_callee4
FNF:50
FNH:29
FNDA:3,_regeneratorRuntime
FNDA:17,_regeneratorRuntime
FNDA:0,defineProperty
FNDA:39,define
FNDA:0,define
FNDA:8,wrap
FNDA:34,tryCatch
FNDA:0,Generator
FNDA:0,GeneratorFunction
FNDA:0,GeneratorFunctionPrototype
FNDA:6,defineIteratorMethods
FNDA:0,AsyncIterator
FNDA:8,makeInvokeMethod
FNDA:0,maybeInvokeDelegate
FNDA:8,pushTryEntry
FNDA:16,resetTryEntry
FNDA:8,Context
FNDA:3,values
FNDA:0,next
FNDA:0,doneResult
FNDA:0,exports.isGeneratorFunction
FNDA:12,exports.mark
FNDA:0,exports.awrap
FNDA:0,exports.async
FNDA:0,exports.keys
FNDA:8,reset
FNDA:8,stop
FNDA:0,dispatchException
FNDA:16,abrupt
FNDA:16,complete
FNDA:0,finish
FNDA:0,_catch
FNDA:0,delegateYield
FNDA:26,asyncGeneratorStep
FNDA:12,_asyncToGenerator
FNDA:26,_next
FNDA:0,_throw
FNDA:0,_classCallCheck
FNDA:3,_defineProperties
FNDA:3,_createClass
FNDA:12,_toPropertyKey
FNDA:12,_toPrimitive
FNDA:0,AuthService
FNDA:1,_callee
FNDA:5,_callee$
FNDA:6,_callee2
FNDA:24,_callee2$
FNDA:1,_callee3
FNDA:5,_callee3$
FNDA:0,_callee4
DA:1,1
DA:2,1
DA:3,1
DA:4,1
DA:5,1
DA:6,1
DA:7,1
DA:8,1
DA:9,3
DA:10,1
DA:11,1
DA:12,1
DA:13,0
DA:14,0
DA:15,0
DA:16,0
DA:17,0
DA:18,0
DA:19,0
DA:20,0
DA:21,1
DA:22,1
DA:23,1
DA:24,0
DA:25,0
DA:26,0
DA:27,0
DA:28,0
DA:29,0
DA:30,0
DA:31,0
DA:32,1
DA:33,1
DA:34,1
DA:35,0
DA:36,0
DA:37,0
DA:38,0
DA:39,0
DA:40,0
DA:41,0
DA:42,0
DA:43,1
DA:44,1
DA:45,1
DA:46,1
DA:47,0
DA:48,0
DA:49,0
DA:50,0
DA:51,0
DA:52,0
DA:53,0
DA:54,0
DA:55,0
DA:56,1
DA:57,1
DA:58,1
DA:59,1
DA:60,1
DA:61,1
DA:62,1
DA:63,1
DA:64,1
DA:65,1
DA:66,1
DA:67,1
DA:68,1
DA:69,1
DA:70,1
DA:71,1
DA:72,1
DA:73,1
DA:74,0
DA:75,0
DA:76,0
DA:77,0
DA:78,0
DA:79,0
DA:80,0
DA:81,0
DA:82,0
DA:83,0
DA:84,0
DA:85,3
DA:86,3
DA:87,3
DA:88,3
DA:89,6
DA:90,6
DA:91,6
DA:92,0
DA:93,0
DA:94,0
DA:95,0
DA:96,0
DA:97,0
DA:98,0
DA:99,0
DA:100,6
DA:101,6
DA:102,0
DA:103,0
DA:104,0
DA:105,0
DA:106,0
DA:107,0
DA:108,0
DA:109,0
DA:110,6
DA:111,6
DA:112,6
DA:113,6
DA:114,6
DA:115,0
DA:116,0
DA:117,0
DA:118,0
DA:119,0
DA:120,0
DA:121,0
DA:122,0
DA:123,0
DA:124,6
DA:125,6
DA:126,0
DA:127,0
DA:128,0
DA:129,0
DA:130,0
DA:131,0
DA:132,0
DA:133,0
DA:134,6
DA:135,6
DA:136,6
DA:137,6
DA:138,6
DA:139,6
DA:140,6
DA:141,6
DA:142,6
DA:143,6
DA:144,6
DA:145,6
DA:146,6
DA:147,6
DA:148,6
DA:149,6
DA:150,6
DA:151,6
DA:152,6
DA:153,6
DA:154,6
DA:155,6
DA:156,6
DA:157,6
DA:158,0
DA:159,0
DA:160,0
DA:161,0
DA:162,0
DA:163,0
DA:164,0
DA:165,0
DA:166,0
DA:167,0
DA:168,0
DA:169,0
DA:170,0
DA:171,0
DA:172,0
DA:173,0
DA:174,0
DA:175,0
DA:176,0
DA:177,3
DA:178,3
DA:179,3
DA:180,3
DA:181,1
DA:182,1
DA:183,1
DA:184,0
DA:185,0
DA:186,0
DA:187,0
DA:188,0
DA:189,0
DA:190,0
DA:191,0
DA:192,1
DA:193,1
DA:194,1
DA:195,0
DA:196,0
DA:197,0
DA:198,0
DA:199,0
DA:200,0
DA:201,0
DA:202,0
DA:203,1
DA:204,1
DA:205,1
DA:206,0
DA:207,0
DA:208,0
DA:209,0
DA:210,0
DA:211,0
DA:212,0
DA:213,0
DA:214,1
DA:215,1
DA:216,1
DA:217,0
DA:218,0
DA:219,0
DA:220,0
DA:221,0
DA:222,0
DA:223,0
DA:224,0
DA:225,0
DA:226,1
DA:227,1
DA:228,1
DA:229,1
DA:230,1
DA:231,1
DA:232,1
DA:233,1
DA:234,1
DA:235,1
DA:236,1
DA:237,1
DA:238,1
DA:239,1
DA:240,1
DA:241,1
DA:242,1
DA:243,0
DA:244,0
DA:245,0
DA:246,0
DA:247,0
DA:248,0
DA:249,0
DA:250,0
DA:251,0
DA:252,0
DA:253,0
DA:254,3
DA:255,3
DA:256,3
DA:257,3
DA:258,0
DA:259,0
DA:260,0
DA:261,0
DA:262,0
DA:263,0
DA:264,0
DA:265,0
DA:266,0
DA:267,0
DA:268,0
DA:269,0
DA:270,0
DA:271,0
DA:272,0
DA:273,0
DA:274,0
DA:275,0
DA:276,0
DA:277,0
DA:278,0
DA:279,0
DA:280,0
DA:281,0
DA:282,0
DA:283,0
DA:284,0
DA:285,0
DA:286,0
DA:287,0
DA:288,0
DA:289,0
DA:290,0
DA:291,0
DA:292,0
DA:293,0
DA:294,0
DA:295,0
DA:296,0
DA:297,0
DA:298,0
DA:299,0
DA:300,0
DA:301,0
DA:302,0
DA:303,0
DA:304,0
DA:305,0
DA:306,0
DA:307,0
DA:308,3
DA:309,3
DA:310,1
DA:311,1
LF:311
LH:121
BRDA:2,0,0,3
BRDA:2,1,0,0
BRDA:2,2,0,0
BRDA:2,3,0,0
BRDA:2,4,0,0
BRDA:2,5,0,0
BRDA:2,6,0,0
BRDA:2,7,0,17
BRDA:2,8,0,39
BRDA:2,9,0,8
BRDA:2,10,0,0
BRDA:2,11,0,0
BRDA:2,12,0,34
BRDA:2,13,0,0
BRDA:2,14,0,6
BRDA:2,15,0,18
BRDA:2,16,0,26
BRDA:2,17,0,8
BRDA:2,18,0,26
BRDA:2,19,0,0
BRDA:2,20,0,0
BRDA:2,21,0,34
BRDA:2,22,0,0
BRDA:2,23,0,26
BRDA:2,24,0,8
BRDA:2,25,0,0
BRDA:2,26,0,8
BRDA:2,27,0,26
BRDA:2,28,0,8
BRDA:2,29,0,26
BRDA:2,30,0,0
BRDA:2,31,0,8
BRDA:2,32,0,0
BRDA:2,33,0,16
BRDA:2,34,0,8
BRDA:2,35,0,3
BRDA:2,36,0,0
BRDA:2,37,0,0
BRDA:2,38,0,12
BRDA:2,39,0,0
BRDA:2,40,0,8
BRDA:2,41,0,0
BRDA:2,42,0,8
BRDA:2,43,0,0
BRDA:2,44,0,16
BRDA:2,45,0,32
BRDA:2,46,0,16
BRDA:2,47,0,0
BRDA:2,48,0,0
BRDA:2,49,0,0
BRDA:2,50,0,0
BRDA:2,51,0,0
BRDA:2,52,0,0
BRDA:2,53,0,0
BRDA:2,54,0,0
BRDA:2,55,0,16
BRDA:2,56,0,0
BRDA:2,57,0,0
BRDA:2,58,0,0
BRDA:2,59,0,26
BRDA:2,60,0,0
BRDA:2,61,0,8
BRDA:2,62,0,18
BRDA:2,63,0,12
BRDA:2,64,0,8
BRDA:2,65,0,8
BRDA:2,66,0,26
BRDA:2,67,0,3
BRDA:2,68,0,12
BRDA:2,69,0,3
BRDA:2,70,0,0
BRDA:2,71,0,12
BRDA:2,72,0,0
BRDA:2,73,0,12
BRDA:2,74,0,0
BRDA:2,75,0,0
BRDA:2,76,0,0
BRDA:8,77,0,3
BRDA:8,78,0,3
BRDA:9,79,0,1
BRDA:9,80,0,5
BRDA:9,81,0,9
BRDA:9,82,0,1
BRDA:12,83,0,0
BRDA:20,84,0,1
BRDA:23,85,0,0
BRDA:31,86,0,1
BRDA:34,87,0,0
BRDA:42,88,0,1
BRDA:44,89,0,1
BRDA:46,90,0,0
BRDA:55,91,0,1
BRDA:58,92,0,1
BRDA:64,93,0,1
BRDA:73,94,0,0
BRDA:73,95,0,0
BRDA:84,96,0,0
BRDA:84,97,0,1
BRDA:87,98,0,3
BRDA:88,99,0,6
BRDA:88,100,0,24
BRDA:88,101,0,48
BRDA:88,102,0,6
BRDA:91,103,0,0
BRDA:99,104,0,6
BRDA:101,105,0,0
BRDA:109,106,0,6
BRDA:112,107,0,6
BRDA:114,108,0,0
BRDA:123,109,0,6
BRDA:125,110,0,0
BRDA:133,111,0,6
BRDA:136,112,0,6
BRDA:138,113,0,0
BRDA:157,114,0,0
BRDA:166,115,0,0
BRDA:166,116,0,0
BRDA:176,117,0,0
BRDA:176,118,0,6
BRDA:179,119,0,3
BRDA:180,120,0,1
BRDA:180,121,0,5
BRDA:180,122,0,9
BRDA:180,123,0,1
BRDA:183,124,0,0
BRDA:191,125,0,1
BRDA:194,126,0,0
BRDA:202,127,0,1
BRDA:205,128,0,0
BRDA:213,129,0,1
BRDA:215,130,0,1
BRDA:216,131,0,0
BRDA:225,132,0,1
BRDA:227,133,0,1
BRDA:233,134,0,1
BRDA:242,135,0,0
BRDA:242,136,0,0
BRDA:253,137,0,0
BRDA:253,138,0,1
BRDA:256,139,0,3
BRF:140
BRH:80
end_of_record
TN:
SF:services\carService.js
FN:2,_regeneratorRuntime
FN:2,_regeneratorRuntime
FN:2,defineProperty
FN:2,define
FN:2,define
FN:2,wrap
FN:2,tryCatch
FN:2,Generator
FN:2,GeneratorFunction
FN:2,GeneratorFunctionPrototype
FN:2,defineIteratorMethods
FN:2,AsyncIterator
FN:2,makeInvokeMethod
FN:2,maybeInvokeDelegate
FN:2,pushTryEntry
FN:2,resetTryEntry
FN:2,Context
FN:2,values
FN:2,next
FN:2,doneResult
FN:2,exports.isGeneratorFunction
FN:2,exports.mark
FN:2,exports.awrap
FN:2,exports.async
FN:2,exports.keys
FN:2,reset
FN:2,stop
FN:2,dispatchException
FN:2,abrupt
FN:2,complete
FN:2,finish
FN:2,_catch
FN:2,delegateYield
FN:2,asyncGeneratorStep
FN:2,_asyncToGenerator
FN:2,_next
FN:2,_throw
FN:2,_classCallCheck
FN:2,_defineProperties
FN:2,_createClass
FN:2,_toPropertyKey
FN:2,_toPrimitive
FN:5,carService
FN:6,_callee
FN:6,_callee$
FN:95,_callee2
FN:95,_callee2$
FN:114,_callee3
FN:114,_callee3$
FN:142,_callee4
FN:142,_callee4$
FN:233,_callee5
FN:233,_callee5$
FNF:53
FNH:33
FNDA:3,_regeneratorRuntime
FNDA:17,_regeneratorRuntime
FNDA:0,defineProperty
FNDA:39,define
FNDA:0,define
FNDA:5,wrap
FNDA:19,tryCatch
FNDA:0,Generator
FNDA:0,GeneratorFunction
FNDA:0,GeneratorFunctionPrototype
FNDA:6,defineIteratorMethods
FNDA:0,AsyncIterator
FNDA:5,makeInvokeMethod
FNDA:0,maybeInvokeDelegate
FNDA:5,pushTryEntry
FNDA:10,resetTryEntry
FNDA:5,Context
FNDA:3,values
FNDA:0,next
FNDA:0,doneResult
FNDA:0,exports.isGeneratorFunction
FNDA:15,exports.mark
FNDA:0,exports.awrap
FNDA:0,exports.async
FNDA:0,exports.keys
FNDA:5,reset
FNDA:5,stop
FNDA:0,dispatchException
FNDA:10,abrupt
FNDA:10,complete
FNDA:0,finish
FNDA:0,_catch
FNDA:0,delegateYield
FNDA:14,asyncGeneratorStep
FNDA:15,_asyncToGenerator
FNDA:14,_next
FNDA:0,_throw
FNDA:0,_classCallCheck
FNDA:3,_defineProperties
FNDA:3,_createClass
FNDA:15,_toPropertyKey
FNDA:15,_toPrimitive
FNDA:0,carService
FNDA:1,_callee
FNDA:4,_callee$
FNDA:1,_callee2
FNDA:3,_callee2$
FNDA:1,_callee3
FNDA:3,_callee3$
FNDA:1,_callee4
FNDA:5,_callee4$
FNDA:1,_callee5
FNDA:4,_callee5$
DA:1,1
DA:2,1
DA:3,1
DA:4,1
DA:5,1
DA:6,3
DA:7,1
DA:8,1
DA:9,0
DA:10,0
DA:11,0
DA:12,0
DA:13,0
DA:14,0
DA:15,1
DA:16,1
DA:17,1
DA:18,0
DA:19,0
DA:20,0
DA:21,0
DA:22,0
DA:23,0
DA:24,1
DA:25,1
DA:26,1
DA:27,0
DA:28,0
DA:29,0
DA:30,0
DA:31,0
DA:32,0
DA:33,1
DA:34,1
DA:35,0
DA:36,0
DA:37,0
DA:38,0
DA:39,0
DA:40,0
DA:41,1
DA:42,1
DA:43,0
DA:44,0
DA:45,0
DA:46,0
DA:47,0
DA:48,0
DA:49,1
DA:50,1
DA:51,1
DA:52,1
DA:53,1
DA:54,1
DA:55,1
DA:56,1
DA:57,1
DA:58,1
DA:59,1
DA:60,1
DA:61,0
DA:62,0
DA:63,0
DA:64,0
DA:65,0
DA:66,1
DA:67,1
DA:68,1
DA:69,1
DA:70,1
DA:71,1
DA:72,1
DA:73,1
DA:74,1
DA:75,1
DA:76,1
DA:77,1
DA:78,1
DA:79,1
DA:80,1
DA:81,1
DA:82,1
DA:83,1
DA:84,1
DA:85,0
DA:86,0
DA:87,0
DA:88,0
DA:89,0
DA:90,0
DA:91,0
DA:92,3
DA:93,3
DA:94,3
DA:95,3
DA:96,1
DA:97,1
DA:98,1
DA:99,1
DA:100,1
DA:101,1
DA:102,1
DA:103,1
DA:104,0
DA:105,0
DA:106,0
DA:107,0
DA:108,0
DA:109,0
DA:110,0
DA:111,3
DA:112,3
DA:113,3
DA:114,3
DA:115,1
DA:116,1
DA:117,1
DA:118,1
DA:119,0
DA:120,0
DA:121,0
DA:122,0
DA:123,0
DA:124,0
DA:125,1
DA:126,1
DA:127,1
DA:128,1
DA:129,1
DA:130,1
DA:131,1
DA:132,0
DA:133,0
DA:134,0
DA:135,0
DA:136,0
DA:137,0
DA:138,0
DA:139,3
DA:140,3
DA:141,3
DA:142,3
DA:143,1
DA:144,1
DA:145,1
DA:146,1
DA:147,0
DA:148,0
DA:149,0
DA:150,0
DA:151,0
DA:152,0
DA:153,1
DA:154,1
DA:155,0
DA:156,0
DA:157,0
DA:158,0
DA:159,0
DA:160,0
DA:161,1
DA:162,1
DA:163,1
DA:164,0
DA:165,0
DA:166,0
DA:167,0
DA:168,0
DA:169,0
DA:170,1
DA:171,1
DA:172,1
DA:173,0
DA:174,0
DA:175,0
DA:176,0
DA:177,0
DA:178,0
DA:179,1
DA:180,1
DA:181,0
DA:182,0
DA:183,0
DA:184,0
DA:185,0
DA:186,0
DA:187,1
DA:188,1
DA:189,1
DA:190,1
DA:191,1
DA:192,1
DA:193,1
DA:194,1
DA:195,1
DA:196,1
DA:197,1
DA:198,1
DA:199,0
DA:200,0
DA:201,0
DA:202,0
DA:203,0
DA:204,1
DA:205,1
DA:206,1
DA:207,1
DA:208,1
DA:209,1
DA:210,1
DA:211,1
DA:212,1
DA:213,1
DA:214,1
DA:215,1
DA:216,1
DA:217,1
DA:218,1
DA:219,1
DA:220,1
DA:221,1
DA:222,1
DA:223,0
DA:224,0
DA:225,0
DA:226,0
DA:227,0
DA:228,0
DA:229,0
DA:230,3
DA:231,3
DA:232,3
DA:233,3
DA:234,1
DA:235,1
DA:236,1
DA:237,0
DA:238,0
DA:239,0
DA:240,0
DA:241,0
DA:242,0
DA:243,1
DA:244,1
DA:245,1
DA:246,1
DA:247,1
DA:248,1
DA:249,1
DA:250,1
DA:251,0
DA:252,0
DA:253,0
DA:254,0
DA:255,0
DA:256,0
DA:257,0
DA:258,3
DA:259,3
DA:260,1
DA:261,1
DA:262,1
LF:262
LH:145
BRDA:2,0,0,3
BRDA:2,1,0,0
BRDA:2,2,0,0
BRDA:2,3,0,0
BRDA:2,4,0,0
BRDA:2,5,0,0
BRDA:2,6,0,0
BRDA:2,7,0,17
BRDA:2,8,0,39
BRDA:2,9,0,5
BRDA:2,10,0,0
BRDA:2,11,0,0
BRDA:2,12,0,19
BRDA:2,13,0,0
BRDA:2,14,0,6
BRDA:2,15,0,18
BRDA:2,16,0,14
BRDA:2,17,0,5
BRDA:2,18,0,14
BRDA:2,19,0,0
BRDA:2,20,0,0
BRDA:2,21,0,19
BRDA:2,22,0,0
BRDA:2,23,0,14
BRDA:2,24,0,5
BRDA:2,25,0,0
BRDA:2,26,0,5
BRDA:2,27,0,14
BRDA:2,28,0,5
BRDA:2,29,0,14
BRDA:2,30,0,0
BRDA:2,31,0,5
BRDA:2,32,0,0
BRDA:2,33,0,10
BRDA:2,34,0,5
BRDA:2,35,0,3
BRDA:2,36,0,0
BRDA:2,37,0,0
BRDA:2,38,0,15
BRDA:2,39,0,0
BRDA:2,40,0,5
BRDA:2,41,0,0
BRDA:2,42,0,5
BRDA:2,43,0,0
BRDA:2,44,0,10
BRDA:2,45,0,20
BRDA:2,46,0,10
BRDA:2,47,0,0
BRDA:2,48,0,0
BRDA:2,49,0,0
BRDA:2,50,0,0
BRDA:2,51,0,0
BRDA:2,52,0,0
BRDA:2,53,0,0
BRDA:2,54,0,0
BRDA:2,55,0,10
BRDA:2,56,0,0
BRDA:2,57,0,0
BRDA:2,58,0,0
BRDA:2,59,0,14
BRDA:2,60,0,0
BRDA:2,61,0,5
BRDA:2,62,0,9
BRDA:2,63,0,15
BRDA:2,64,0,5
BRDA:2,65,0,5
BRDA:2,66,0,14
BRDA:2,67,0,3
BRDA:2,68,0,15
BRDA:2,69,0,3
BRDA:2,70,0,0
BRDA:2,71,0,15
BRDA:2,72,0,0
BRDA:2,73,0,15
BRDA:2,74,0,0
BRDA:2,75,0,0
BRDA:2,76,0,0
BRDA:5,77,0,3
BRDA:5,78,0,3
BRDA:6,79,0,1
BRDA:6,80,0,4
BRDA:6,81,0,9
BRDA:6,82,0,1
BRDA:8,83,0,0
BRDA:14,84,0,1
BRDA:17,85,0,0
BRDA:23,86,0,1
BRDA:26,87,0,0
BRDA:32,88,0,1
BRDA:34,89,0,0
BRDA:40,90,0,1
BRDA:42,91,0,0
BRDA:48,92,0,1
BRDA:69,93,0,1
BRDA:77,94,0,1
BRDA:84,95,0,0
BRDA:91,96,0,0
BRDA:91,97,0,1
BRDA:59,98,0,1
BRDA:60,99,0,0
BRDA:94,100,0,3
BRDA:95,101,0,1
BRDA:95,102,0,3
BRDA:95,103,0,1
BRDA:97,104,0,1
BRDA:103,105,0,0
BRDA:110,106,0,0
BRDA:110,107,0,1
BRDA:113,108,0,3
BRDA:114,109,0,1
BRDA:114,110,0,3
BRDA:114,111,0,4
BRDA:114,112,0,1
BRDA:116,113,0,1
BRDA:118,114,0,0
BRDA:124,115,0,1
BRDA:131,116,0,0
BRDA:138,117,0,0
BRDA:138,118,0,1
BRDA:141,119,0,3
BRDA:142,120,0,1
BRDA:142,121,0,5
BRDA:142,122,0,10
BRDA:142,123,0,1
BRDA:144,124,0,1
BRDA:146,125,0,0
BRDA:152,126,0,1
BRDA:154,127,0,0
BRDA:160,128,0,1
BRDA:163,129,0,0
BRDA:169,130,0,1
BRDA:172,131,0,0
BRDA:178,132,0,1
BRDA:180,133,0,0
BRDA:186,134,0,1
BRDA:207,135,0,1
BRDA:216,136,0,1
BRDA:222,137,0,0
BRDA:229,138,0,0
BRDA:229,139,0,1
BRDA:197,140,0,1
BRDA:198,141,0,0
BRDA:232,142,0,3
BRDA:233,143,0,1
BRDA:233,144,0,4
BRDA:233,145,0,5
BRDA:233,146,0,1
BRDA:235,147,0,1
BRDA:236,148,0,0
BRDA:242,149,0,1
BRDA:244,150,0,1
BRDA:250,151,0,0
BRDA:257,152,0,0
BRDA:257,153,0,1
BRF:154
BRH:93
end_of_record
TN:
SF:utils\swaggerOptions.js
FNF:0
FNH:0
DA:1,1
DA:2,1
DA:3,1
DA:4,1
DA:5,1
DA:6,1
DA:7,1
DA:8,1
DA:9,1
DA:10,1
DA:11,1
DA:12,1
DA:13,1
DA:14,1
DA:15,1
LF:15
LH:15
BRF:0
BRH:0
end_of_record
